#
# There is insufficient memory for the Java Runtime Environment to continue.
# Native memory allocation (mmap) failed to map 185597952 bytes for committing reserved memory.
# Possible reasons:
#   The system is out of physical RAM or swap space
#   In 32 bit mode, the process size limit was hit
# Possible solutions:
#   Reduce memory load on the system
#   Increase physical memory or swap space
#   Check if swap backing store is full
#   Use 64 bit Java on a 64 bit OS
#   Decrease Java heap size (-Xmx/-Xms)
#   Decrease number of Java threads
#   Decrease Java thread stack sizes (-Xss)
#   Set larger code cache with -XX:ReservedCodeCacheSize=
# This output file may be truncated or incomplete.
#
#  Out of Memory Error (os_linux.cpp:2627), pid=27611, tid=0x00007f6bd28f0700
#
# JRE version: Java(TM) SE Runtime Environment (8.0_101-b13) (build 1.8.0_101-b13)
# Java VM: Java HotSpot(TM) 64-Bit Server VM (25.101-b13 mixed mode linux-amd64 compressed oops)
# Failed to write core dump. Core dumps have been disabled. To enable core dumping, try "ulimit -c unlimited" before starting Java again
#

---------------  T H R E A D  ---------------

Current thread (0x00007f6be8078000):  VMThread [stack: 0x00007f6bd27f0000,0x00007f6bd28f1000] [id=27652]

Stack: [0x00007f6bd27f0000,0x00007f6bd28f1000],  sp=0x00007f6bd28eefa0,  free space=1019k
Native frames: (J=compiled Java code, j=interpreted, Vv=VM code, C=native code)
V  [libjvm.so+0xac3f0a]  VMError::report_and_die()+0x2ba
V  [libjvm.so+0x4fbf9b]  report_vm_out_of_memory(char const*, int, unsigned long, VMErrorType, char const*)+0x8b
V  [libjvm.so+0x9222d3]  os::Linux::commit_memory_impl(char*, unsigned long, bool)+0x103
V  [libjvm.so+0x922829]  os::pd_commit_memory(char*, unsigned long, unsigned long, bool)+0x29
V  [libjvm.so+0x91cb2a]  os::commit_memory(char*, unsigned long, unsigned long, bool)+0x2a
V  [libjvm.so+0x991053]  PSVirtualSpace::expand_by(unsigned long)+0x53
V  [libjvm.so+0x992458]  PSYoungGen::resize_generation(unsigned long, unsigned long)+0xf8
V  [libjvm.so+0x9915b2]  PSYoungGen::resize(unsigned long, unsigned long)+0x22
V  [libjvm.so+0x98e88b]  PSScavenge::invoke_no_policy()+0xf3b
V  [libjvm.so+0x98f011]  PSScavenge::invoke()+0x41
V  [libjvm.so+0x945fc0]  ParallelScavengeHeap::failed_mem_allocate(unsigned long)+0x70
V  [libjvm.so+0xac5927]  VM_ParallelGCFailedAllocation::doit()+0x97
V  [libjvm.so+0xacd405]  VM_Operation::evaluate()+0x55
V  [libjvm.so+0xacb7da]  VMThread::evaluate_operation(VM_Operation*)+0xba
V  [libjvm.so+0xacbb5e]  VMThread::loop()+0x1ce
V  [libjvm.so+0xacbfd0]  VMThread::run()+0x70
V  [libjvm.so+0x924698]  java_start(Thread*)+0x108

VM_Operation (0x00007f6bf0063330): ParallelGCFailedAllocation, mode: safepoint, requested by thread 0x00007f6be800a000


---------------  P R O C E S S  ---------------

Java Threads: ( => current thread )
  0x00007f6be8172800 JavaThread "pool-2-thread-4" [_thread_blocked, id=27698, stack(0x00007f6bd0ff3000,0x00007f6bd10f4000)]
  0x00007f6be8170000 JavaThread "pool-2-thread-3" [_thread_blocked, id=27695, stack(0x00007f6bd10f4000,0x00007f6bd11f5000)]
  0x00007f6be8160000 JavaThread "pool-2-thread-2" [_thread_blocked, id=27692, stack(0x00007f6bd11f5000,0x00007f6bd12f6000)]
  0x00007f6be814d800 JavaThread "pool-3-thread-1" [_thread_blocked, id=27688, stack(0x00007f6bd12f6000,0x00007f6bd13f7000)]
  0x00007f6be814b000 JavaThread "pool-2-thread-1" [_thread_blocked, id=27687, stack(0x00007f6bd13f7000,0x00007f6bd14f8000)]
  0x00007f6be80c1800 JavaThread "Service Thread" daemon [_thread_blocked, id=27676, stack(0x00007f6bd15f9000,0x00007f6bd16fa000)]
  0x00007f6be80be000 JavaThread "C1 CompilerThread2" daemon [_thread_blocked, id=27671, stack(0x00007f6bd16fa000,0x00007f6bd17fb000)]
  0x00007f6be80bc800 JavaThread "C2 CompilerThread1" daemon [_thread_blocked, id=27665, stack(0x00007f6bd17fb000,0x00007f6bd18fc000)]
  0x00007f6be80b9800 JavaThread "C2 CompilerThread0" daemon [_thread_blocked, id=27664, stack(0x00007f6bd18fc000,0x00007f6bd19fd000)]
  0x00007f6be80b8000 JavaThread "Signal Dispatcher" daemon [_thread_blocked, id=27663, stack(0x00007f6bd19fd000,0x00007f6bd1afe000)]
  0x00007f6be8084000 JavaThread "Finalizer" daemon [_thread_blocked, id=27656, stack(0x00007f6bd25ee000,0x00007f6bd26ef000)]
  0x00007f6be807f800 JavaThread "Reference Handler" daemon [_thread_blocked, id=27654, stack(0x00007f6bd26ef000,0x00007f6bd27f0000)]
  0x00007f6be800a000 JavaThread "main" [_thread_blocked, id=27633, stack(0x00007f6beff65000,0x00007f6bf0066000)]

Other Threads:
=>0x00007f6be8078000 VMThread [stack: 0x00007f6bd27f0000,0x00007f6bd28f1000] [id=27652]
  0x00007f6be80c4000 WatcherThread [stack: 0x00007f6bd14f8000,0x00007f6bd15f9000] [id=27677]

VM state:at safepoint (normal execution)

VM Mutex/Monitor currently owned by a thread:  ([mutex/lock_event])
[0x00007f6be8006430] Threads_lock - owner thread: 0x00007f6be8078000
[0x00007f6be8006930] Heap_lock - owner thread: 0x00007f6be800a000

Heap:
 PSYoungGen      total 132096K, used 5119K [0x000000076ab00000, 0x0000000773100000, 0x00000007c0000000)
  eden space 126976K, 0% used [0x000000076ab00000,0x000000076ab00000,0x0000000772700000)
  from space 5120K, 99% used [0x0000000772700000,0x0000000772bffeb0,0x0000000772c00000)
  to   space 5120K, 0% used [0x0000000772c00000,0x0000000772c00000,0x0000000773100000)
 ParOldGen       total 84992K, used 70960K [0x00000006c0000000, 0x00000006c5300000, 0x000000076ab00000)
  object space 84992K, 83% used [0x00000006c0000000,0x00000006c454c030,0x00000006c5300000)
 Metaspace       used 5946K, capacity 7024K, committed 7296K, reserved 1056768K
  class space    used 593K, capacity 616K, committed 640K, reserved 1048576K

Card table byte_map: [0x00007f6bec508000,0x00007f6becd09000] byte_map_base: 0x00007f6be8f08000

Marking Bits: (ParMarkBitMap*) 0x00007f6bef431120
 Begin Bits: [0x00007f6bb4000000, 0x00007f6bb8000000)
 End Bits:   [0x00007f6bb8000000, 0x00007f6bbc000000)

Polling page: 0x00007f6bf0080000

CodeCache: size=245760Kb used=6748Kb max_used=6755Kb free=239011Kb
 bounds [0x00007f6bd9000000, 0x00007f6bd96b0000, 0x00007f6be8000000]
 total_blobs=1841 nmethods=1580 adapters=175
 compilation: enabled

Compilation events (10 events):
Event: 16,111 Thread 0x00007f6be80b9800 nmethod 2051 0x00007f6bd9695f10 code [0x00007f6bd9696260, 0x00007f6bd96986e8]
Event: 16,111 Thread 0x00007f6be80b9800 2062       4       java.util.HashMap::resize (359 bytes)
Event: 16,117 Thread 0x00007f6be80bc800 nmethod 2047% 0x00007f6bd969f290 code [0x00007f6bd969f660, 0x00007f6bd96a23f0]
Event: 16,117 Thread 0x00007f6be80bc800 2063       4       com.android.dx.ssa.SsaMethod::forEachInsn (36 bytes)
Event: 16,131 Thread 0x00007f6be80be000 2067       3       com.android.dx.ssa.PhiTypeResolver::run (179 bytes)
Event: 16,132 Thread 0x00007f6be80be000 nmethod 2067 0x00007f6bd966f810 code [0x00007f6bd966faa0, 0x00007f6bd9670c68]
Event: 16,132 Thread 0x00007f6be80be000 2068       3       com.android.dx.ssa.back.InterferenceGraph::<init> (42 bytes)
Event: 16,142 Thread 0x00007f6be80be000 nmethod 2068 0x00007f6bd9672a50 code [0x00007f6bd9672c80, 0x00007f6bd96739b8]
Event: 16,148 Thread 0x00007f6be80b9800 nmethod 2062 0x00007f6bd966ac90 code [0x00007f6bd966ae40, 0x00007f6bd966b428]
Event: 16,148 Thread 0x00007f6be80b9800 2055       4       com.android.dx.rop.code.RegisterSpecSet::equals (106 bytes)

GC Heap History (9 events):
Event: 3,567 GC heap before
{Heap before GC invocations=1 (full 0):
 PSYoungGen      total 36864K, used 31744K [0x000000076ab00000, 0x000000076d400000, 0x00000007c0000000)
  eden space 31744K, 100% used [0x000000076ab00000,0x000000076ca00000,0x000000076ca00000)
  from space 5120K, 0% used [0x000000076cf00000,0x000000076cf00000,0x000000076d400000)
  to   space 5120K, 0% used [0x000000076ca00000,0x000000076ca00000,0x000000076cf00000)
 ParOldGen       total 84992K, used 0K [0x00000006c0000000, 0x00000006c5300000, 0x000000076ab00000)
  object space 84992K, 0% used [0x00000006c0000000,0x00000006c0000000,0x00000006c5300000)
 Metaspace       used 5515K, capacity 6704K, committed 6784K, reserved 1056768K
  class space    used 569K, capacity 616K, committed 640K, reserved 1048576K
Event: 3,765 GC heap after
Heap after GC invocations=1 (full 0):
 PSYoungGen      total 36864K, used 5089K [0x000000076ab00000, 0x000000076f300000, 0x00000007c0000000)
  eden space 31744K, 0% used [0x000000076ab00000,0x000000076ab00000,0x000000076ca00000)
  from space 5120K, 99% used [0x000000076ca00000,0x000000076cef8588,0x000000076cf00000)
  to   space 5120K, 0% used [0x000000076ee00000,0x000000076ee00000,0x000000076f300000)
 ParOldGen       total 84992K, used 5025K [0x00000006c0000000, 0x00000006c5300000, 0x000000076ab00000)
  object space 84992K, 5% used [0x00000006c0000000,0x00000006c04e8608,0x00000006c5300000)
 Metaspace       used 5515K, capacity 6704K, committed 6784K, reserved 1056768K
  class space    used 569K, capacity 616K, committed 640K, reserved 1048576K
}
Event: 7,269 GC heap before
{Heap before GC invocations=2 (full 0):
 PSYoungGen      total 36864K, used 36833K [0x000000076ab00000, 0x000000076f300000, 0x00000007c0000000)
  eden space 31744K, 100% used [0x000000076ab00000,0x000000076ca00000,0x000000076ca00000)
  from space 5120K, 99% used [0x000000076ca00000,0x000000076cef8588,0x000000076cf00000)
  to   space 5120K, 0% used [0x000000076ee00000,0x000000076ee00000,0x000000076f300000)
 ParOldGen       total 84992K, used 5025K [0x00000006c0000000, 0x00000006c5300000, 0x000000076ab00000)
  object space 84992K, 5% used [0x00000006c0000000,0x00000006c04e8608,0x00000006c5300000)
 Metaspace       used 5670K, capacity 6832K, committed 7040K, reserved 1056768K
  class space    used 571K, capacity 616K, committed 640K, reserved 1048576K
Event: 7,621 GC heap after
Heap after GC invocations=2 (full 0):
 PSYoungGen      total 68608K, used 5115K [0x000000076ab00000, 0x000000076f300000, 0x00000007c0000000)
  eden space 63488K, 0% used [0x000000076ab00000,0x000000076ab00000,0x000000076e900000)
  from space 5120K, 99% used [0x000000076ee00000,0x000000076f2fed90,0x000000076f300000)
  to   space 5120K, 0% used [0x000000076e900000,0x000000076e900000,0x000000076ee00000)
 ParOldGen       total 84992K, used 14726K [0x00000006c0000000, 0x00000006c5300000, 0x000000076ab00000)
  object space 84992K, 17% used [0x00000006c0000000,0x00000006c0e61b90,0x00000006c5300000)
 Metaspace       used 5670K, capacity 6832K, committed 7040K, reserved 1056768K
  class space    used 571K, capacity 616K, committed 640K, reserved 1048576K
}
Event: 10,000 GC heap before
{Heap before GC invocations=3 (full 0):
 PSYoungGen      total 68608K, used 68603K [0x000000076ab00000, 0x000000076f300000, 0x00000007c0000000)
  eden space 63488K, 100% used [0x000000076ab00000,0x000000076e900000,0x000000076e900000)
  from space 5120K, 99% used [0x000000076ee00000,0x000000076f2fed90,0x000000076f300000)
  to   space 5120K, 0% used [0x000000076e900000,0x000000076e900000,0x000000076ee00000)
 ParOldGen       total 84992K, used 14726K [0x00000006c0000000, 0x00000006c5300000, 0x000000076ab00000)
  object space 84992K, 17% used [0x00000006c0000000,0x00000006c0e61b90,0x00000006c5300000)
 Metaspace       used 5765K, capacity 6960K, committed 7040K, reserved 1056768K
  class space    used 573K, capacity 616K, committed 640K, reserved 1048576K
Event: 10,506 GC heap after
Heap after GC invocations=3 (full 0):
 PSYoungGen      total 68608K, used 5097K [0x000000076ab00000, 0x0000000773100000, 0x00000007c0000000)
  eden space 63488K, 0% used [0x000000076ab00000,0x000000076ab00000,0x000000076e900000)
  from space 5120K, 99% used [0x000000076e900000,0x000000076edfa710,0x000000076ee00000)
  to   space 5120K, 0% used [0x0000000772c00000,0x0000000772c00000,0x0000000773100000)
 ParOldGen       total 84992K, used 32222K [0x00000006c0000000, 0x00000006c5300000, 0x000000076ab00000)
  object space 84992K, 37% used [0x00000006c0000000,0x00000006c1f779e8,0x00000006c5300000)
 Metaspace       used 5765K, capacity 6960K, committed 7040K, reserved 1056768K
  class space    used 573K, capacity 616K, committed 640K, reserved 1048576K
}
Event: 12,016 GC heap before
{Heap before GC invocations=4 (full 0):
 PSYoungGen      total 68608K, used 68585K [0x000000076ab00000, 0x0000000773100000, 0x00000007c0000000)
  eden space 63488K, 100% used [0x000000076ab00000,0x000000076e900000,0x000000076e900000)
  from space 5120K, 99% used [0x000000076e900000,0x000000076edfa710,0x000000076ee00000)
  to   space 5120K, 0% used [0x0000000772c00000,0x0000000772c00000,0x0000000773100000)
 ParOldGen       total 84992K, used 32222K [0x00000006c0000000, 0x00000006c5300000, 0x000000076ab00000)
  object space 84992K, 37% used [0x00000006c0000000,0x00000006c1f779e8,0x00000006c5300000)
 Metaspace       used 5907K, capacity 6960K, committed 7040K, reserved 1056768K
  class space    used 592K, capacity 616K, committed 640K, reserved 1048576K
Event: 12,195 GC heap after
Heap after GC invocations=4 (full 0):
 PSYoungGen      total 132096K, used 5106K [0x000000076ab00000, 0x0000000773100000, 0x00000007c0000000)
  eden space 126976K, 0% used [0x000000076ab00000,0x000000076ab00000,0x0000000772700000)
  from space 5120K, 99% used [0x0000000772c00000,0x00000007730fc9d8,0x0000000773100000)
  to   space 5120K, 0% used [0x0000000772700000,0x0000000772700000,0x0000000772c00000)
 ParOldGen       total 84992K, used 48245K [0x00000006c0000000, 0x00000006c5300000, 0x000000076ab00000)
  object space 84992K, 56% used [0x00000006c0000000,0x00000006c2f1d600,0x00000006c5300000)
 Metaspace       used 5907K, capacity 6960K, committed 7040K, reserved 1056768K
  class space    used 592K, capacity 616K, committed 640K, reserved 1048576K
}
Event: 16,151 GC heap before
{Heap before GC invocations=5 (full 0):
 PSYoungGen      total 132096K, used 132082K [0x000000076ab00000, 0x0000000773100000, 0x00000007c0000000)
  eden space 126976K, 100% used [0x000000076ab00000,0x0000000772700000,0x0000000772700000)
  from space 5120K, 99% used [0x0000000772c00000,0x00000007730fc9d8,0x0000000773100000)
  to   space 5120K, 0% used [0x0000000772700000,0x0000000772700000,0x0000000772c00000)
 ParOldGen       total 84992K, used 48245K [0x00000006c0000000, 0x00000006c5300000, 0x000000076ab00000)
  object space 84992K, 56% used [0x00000006c0000000,0x00000006c2f1d600,0x00000006c5300000)
 Metaspace       used 5946K, capacity 7024K, committed 7296K, reserved 1056768K
  class space    used 593K, capacity 616K, committed 640K, reserved 1048576K

Deoptimization events (10 events):
Event: 7,121 Thread 0x00007f6be800a000 Uncommon trap: reason=class_check action=maybe_recompile pc=0x00007f6bd9353444 method=com.android.dx.ssa.NormalSsaInsn.accept(Lcom/android/dx/ssa/SsaInsn$Visitor;)V @ 9
Event: 8,655 Thread 0x00007f6be800a000 Uncommon trap: reason=class_check action=maybe_recompile pc=0x00007f6bd9353444 method=com.android.dx.ssa.NormalSsaInsn.accept(Lcom/android/dx/ssa/SsaInsn$Visitor;)V @ 9
Event: 8,935 Thread 0x00007f6be800a000 Uncommon trap: reason=unstable_if action=reinterpret pc=0x00007f6bd917c4bc method=java.lang.String.<init>([CII)V @ 18
Event: 9,100 Thread 0x00007f6be814b000 Uncommon trap: reason=class_check action=maybe_recompile pc=0x00007f6bd9353444 method=com.android.dx.ssa.NormalSsaInsn.accept(Lcom/android/dx/ssa/SsaInsn$Visitor;)V @ 9
Event: 10,994 Thread 0x00007f6be814b000 Uncommon trap: reason=unstable_if action=reinterpret pc=0x00007f6bd9529cb0 method=com.android.dx.cf.code.RopperMachine.run(Lcom/android/dx/cf/code/Frame;II)V @ 1019
Event: 11,339 Thread 0x00007f6be8172800 Uncommon trap: reason=unstable_if action=reinterpret pc=0x00007f6bd92da8b8 method=java.util.HashMap.putVal(ILjava/lang/Object;Ljava/lang/Object;ZZ)Ljava/lang/Object; @ 162
Event: 11,428 Thread 0x00007f6be800a000 Uncommon trap: reason=unstable_if action=reinterpret pc=0x00007f6bd91bcb88 method=java.util.HashMap.getNode(ILjava/lang/Object;)Ljava/util/HashMap$Node; @ 129
Event: 11,447 Thread 0x00007f6be814b000 Uncommon trap: reason=unstable_if action=reinterpret pc=0x00007f6bd92ae848 method=java.util.HashMap.getNode(ILjava/lang/Object;)Ljava/util/HashMap$Node; @ 84
Event: 13,024 Thread 0x00007f6be8172800 Uncommon trap: reason=unstable_if action=reinterpret pc=0x00007f6bd949bd3c method=com.android.dx.ssa.SsaMethod.updateOneDefinition(Lcom/android/dx/ssa/SsaInsn;Lcom/android/dx/rop/code/RegisterSpec;)V @ 4
Event: 13,044 Thread 0x00007f6be8172800 Uncommon trap: reason=unstable_if action=reinterpret pc=0x00007f6bd93a7418 method=com.android.dx.util.IntList.binarysearch(I)I @ 105

Internal exceptions (6 events):
Event: 0,054 Thread 0x00007f6be800a000 Exception <a 'java/lang/NoSuchMethodError': Method sun.misc.Unsafe.defineClass(Ljava/lang/String;[BII)Ljava/lang/Class; name or signature does not match> (0x000000076ab07cc0) thrown at [/HUDSON3/workspace/8-2-build-linux-amd64/jdk8u101/7261/hotspot/src/sh
Event: 0,055 Thread 0x00007f6be800a000 Exception <a 'java/lang/NoSuchMethodError': Method sun.misc.Unsafe.prefetchRead(Ljava/lang/Object;J)V name or signature does not match> (0x000000076ab07fa8) thrown at [/HUDSON3/workspace/8-2-build-linux-amd64/jdk8u101/7261/hotspot/src/share/vm/prims/jni.c
Event: 3,261 Thread 0x00007f6be800a000 Implicit null exception at 0x00007f6bd92a3b53 to 0x00007f6bd92a64a9
Event: 11,379 Thread 0x00007f6be8172800 Exception <a 'java/lang/ArrayIndexOutOfBoundsException': 18> (0x000000076d338cd0) thrown at [/HUDSON3/workspace/8-2-build-linux-amd64/jdk8u101/7261/hotspot/src/share/vm/interpreter/interpreterRuntime.cpp, line 366]
Event: 11,380 Thread 0x00007f6be8172800 Exception <a 'java/lang/ArrayIndexOutOfBoundsException': 145> (0x000000076d33a850) thrown at [/HUDSON3/workspace/8-2-build-linux-amd64/jdk8u101/7261/hotspot/src/share/vm/interpreter/interpreterRuntime.cpp, line 366]
Event: 11,415 Thread 0x00007f6be8172800 Exception <a 'java/lang/ArrayIndexOutOfBoundsException': 40> (0x000000076d33bb38) thrown at [/HUDSON3/workspace/8-2-build-linux-amd64/jdk8u101/7261/hotspot/src/share/vm/interpreter/interpreterRuntime.cpp, line 366]

Events (10 events):
Event: 15,755 Thread 0x00007f6be8170000 DEOPT UNPACKING pc=0x00007f6bd9047633 sp=0x00007f6bd11f2db8 mode 0
Event: 16,008 Thread 0x00007f6be800a000 DEOPT PACKING pc=0x00007f6bd9417369 sp=0x00007f6bf0063250
Event: 16,008 Thread 0x00007f6be800a000 DEOPT UNPACKING pc=0x00007f6bd9047633 sp=0x00007f6bf0062fe0 mode 0
Event: 16,082 Thread 0x00007f6be800a000 DEOPT PACKING pc=0x00007f6bd9417369 sp=0x00007f6bf0063440
Event: 16,082 Thread 0x00007f6be800a000 DEOPT UNPACKING pc=0x00007f6bd9047633 sp=0x00007f6bf00631d0 mode 0
Event: 16,131 Thread 0x00007f6be800a000 DEOPT PACKING pc=0x00007f6bd947e0e7 sp=0x00007f6bf0063550
Event: 16,131 Thread 0x00007f6be800a000 DEOPT UNPACKING pc=0x00007f6bd9047633 sp=0x00007f6bf00632a0 mode 0
Event: 16,132 Thread 0x00007f6be800a000 DEOPT PACKING pc=0x00007f6bd9480609 sp=0x00007f6bf00634b0
Event: 16,132 Thread 0x00007f6be800a000 DEOPT UNPACKING pc=0x00007f6bd9047633 sp=0x00007f6bf0063288 mode 0
Event: 16,150 Executing VM operation: ParallelGCFailedAllocation


Dynamic libraries:
00400000-00401000 r-xp 00000000 08:06 538894                             /opt/java/jdk1.8.0_101/bin/java
00600000-00601000 rw-p 00000000 08:06 538894                             /opt/java/jdk1.8.0_101/bin/java
006e4000-00705000 rw-p 00000000 00:00 0                                  [heap]
6c0000000-6c5300000 rw-p 00000000 00:00 0 
6c5300000-76ab00000 ---p 00000000 00:00 0 
76ab00000-773100000 rw-p 00000000 00:00 0 
77e200000-7c0000000 ---p 00000000 00:00 0 
7c0000000-7c00a0000 rw-p 00000000 00:00 0 
7c00a0000-800000000 ---p 00000000 00:00 0 
7f6b7c000000-7f6b7c041000 rw-p 00000000 00:00 0 
7f6b7c041000-7f6b80000000 ---p 00000000 00:00 0 
7f6b84000000-7f6b84064000 rw-p 00000000 00:00 0 
7f6b84064000-7f6b88000000 ---p 00000000 00:00 0 
7f6b88000000-7f6b8802f000 rw-p 00000000 00:00 0 
7f6b8802f000-7f6b8c000000 ---p 00000000 00:00 0 
7f6b8c000000-7f6b8c022000 rw-p 00000000 00:00 0 
7f6b8c022000-7f6b90000000 ---p 00000000 00:00 0 
7f6b90000000-7f6b90021000 rw-p 00000000 00:00 0 
7f6b90021000-7f6b94000000 ---p 00000000 00:00 0 
7f6b94000000-7f6b94021000 rw-p 00000000 00:00 0 
7f6b94021000-7f6b98000000 ---p 00000000 00:00 0 
7f6b98000000-7f6b98021000 rw-p 00000000 00:00 0 
7f6b98021000-7f6b9c000000 ---p 00000000 00:00 0 
7f6b9c000000-7f6b9cc2a000 rw-p 00000000 00:00 0 
7f6b9cc2a000-7f6ba0000000 ---p 00000000 00:00 0 
7f6ba0000000-7f6ba083c000 rw-p 00000000 00:00 0 
7f6ba083c000-7f6ba4000000 ---p 00000000 00:00 0 
7f6ba4000000-7f6ba4021000 rw-p 00000000 00:00 0 
7f6ba4021000-7f6ba8000000 ---p 00000000 00:00 0 
7f6ba8000000-7f6ba8a62000 rw-p 00000000 00:00 0 
7f6ba8a62000-7f6bac000000 ---p 00000000 00:00 0 
7f6bac000000-7f6bac021000 rw-p 00000000 00:00 0 
7f6bac021000-7f6bb0000000 ---p 00000000 00:00 0 
7f6bb0000000-7f6bb0021000 rw-p 00000000 00:00 0 
7f6bb0021000-7f6bb4000000 ---p 00000000 00:00 0 
7f6bb4000000-7f6bbc000000 rw-p 00000000 00:00 0 
7f6bbc000000-7f6bbc021000 rw-p 00000000 00:00 0 
7f6bbc021000-7f6bc0000000 ---p 00000000 00:00 0 
7f6bc0000000-7f6bc028e000 rw-p 00000000 00:00 0 
7f6bc028e000-7f6bc4000000 ---p 00000000 00:00 0 
7f6bc4000000-7f6bc4021000 rw-p 00000000 00:00 0 
7f6bc4021000-7f6bc8000000 ---p 00000000 00:00 0 
7f6bcc000000-7f6bcc021000 rw-p 00000000 00:00 0 
7f6bcc021000-7f6bd0000000 ---p 00000000 00:00 0 
7f6bd0ff3000-7f6bd0ff6000 ---p 00000000 00:00 0 
7f6bd0ff6000-7f6bd10f4000 rw-p 00000000 00:00 0 
7f6bd10f4000-7f6bd10f7000 ---p 00000000 00:00 0 
7f6bd10f7000-7f6bd11f5000 rw-p 00000000 00:00 0 
7f6bd11f5000-7f6bd11f8000 ---p 00000000 00:00 0 
7f6bd11f8000-7f6bd12f6000 rw-p 00000000 00:00 0 
7f6bd12f6000-7f6bd12f9000 ---p 00000000 00:00 0 
7f6bd12f9000-7f6bd13f7000 rw-p 00000000 00:00 0 
7f6bd13f7000-7f6bd13fa000 ---p 00000000 00:00 0 
7f6bd13fa000-7f6bd14f8000 rw-p 00000000 00:00 0 
7f6bd14f8000-7f6bd14f9000 ---p 00000000 00:00 0 
7f6bd14f9000-7f6bd15f9000 rw-p 00000000 00:00 0 
7f6bd15f9000-7f6bd15fc000 ---p 00000000 00:00 0 
7f6bd15fc000-7f6bd16fa000 rw-p 00000000 00:00 0 
7f6bd16fa000-7f6bd16fd000 ---p 00000000 00:00 0 
7f6bd16fd000-7f6bd17fb000 rw-p 00000000 00:00 0 
7f6bd17fb000-7f6bd17fe000 ---p 00000000 00:00 0 
7f6bd17fe000-7f6bd18fc000 rw-p 00000000 00:00 0 
7f6bd18fc000-7f6bd18ff000 ---p 00000000 00:00 0 
7f6bd18ff000-7f6bd19fd000 rw-p 00000000 00:00 0 
7f6bd19fd000-7f6bd1a00000 ---p 00000000 00:00 0 
7f6bd1a00000-7f6bd1afe000 rw-p 00000000 00:00 0 
7f6bd1afe000-7f6bd25ee000 r--p 00000000 08:06 2629442                    /usr/lib/locale/locale-archive
7f6bd25ee000-7f6bd25f1000 ---p 00000000 00:00 0 
7f6bd25f1000-7f6bd26ef000 rw-p 00000000 00:00 0 
7f6bd26ef000-7f6bd26f2000 ---p 00000000 00:00 0 
7f6bd26f2000-7f6bd27f0000 rw-p 00000000 00:00 0 
7f6bd27f0000-7f6bd27f1000 ---p 00000000 00:00 0 
7f6bd27f1000-7f6bd3e80000 rw-p 00000000 00:00 0 
7f6bd3e80000-7f6bd4000000 ---p 00000000 00:00 0 
7f6bd4000000-7f6bd4021000 rw-p 00000000 00:00 0 
7f6bd4021000-7f6bd8000000 ---p 00000000 00:00 0 
7f6bd804d000-7f6bd80d1000 rw-p 00000000 00:00 0 
7f6bd80d1000-7f6bd82aa000 r--s 03d29000 08:06 538919                     /opt/java/jdk1.8.0_101/jre/lib/rt.jar
7f6bd82aa000-7f6bd8ad4000 rw-p 00000000 00:00 0 
7f6bd8ad4000-7f6bd9000000 ---p 00000000 00:00 0 
7f6bd9000000-7f6bd96b0000 rwxp 00000000 00:00 0 
7f6bd96b0000-7f6be8000000 ---p 00000000 00:00 0 
7f6be8000000-7f6be83c7000 rw-p 00000000 00:00 0 
7f6be83c7000-7f6bec000000 ---p 00000000 00:00 0 
7f6bec00f000-7f6bec01e000 r--s 000df000 08:06 1451003                    /root/Android/Sdk/build-tools/23.0.2/lib/dx.jar
7f6bec01e000-7f6bec104000 rw-p 00000000 00:00 0 
7f6bec104000-7f6bec105000 ---p 00000000 00:00 0 
7f6bec105000-7f6bec205000 rw-p 00000000 00:00 0 
7f6bec205000-7f6bec206000 ---p 00000000 00:00 0 
7f6bec206000-7f6bec306000 rw-p 00000000 00:00 0 
7f6bec306000-7f6bec307000 ---p 00000000 00:00 0 
7f6bec307000-7f6bec407000 rw-p 00000000 00:00 0 
7f6bec407000-7f6bec408000 ---p 00000000 00:00 0 
7f6bec408000-7f6bec532000 rw-p 00000000 00:00 0 
7f6bec532000-7f6beca5d000 ---p 00000000 00:00 0 
7f6beca5d000-7f6becaa1000 rw-p 00000000 00:00 0 
7f6becaa1000-7f6becd08000 ---p 00000000 00:00 0 
7f6becd08000-7f6becd24000 rw-p 00000000 00:00 0 
7f6becd24000-7f6bed0c9000 ---p 00000000 00:00 0 
7f6bed0c9000-7f6bed0e3000 r-xp 00000000 08:06 538948                     /opt/java/jdk1.8.0_101/jre/lib/amd64/libzip.so
7f6bed0e3000-7f6bed2e3000 ---p 0001a000 08:06 538948                     /opt/java/jdk1.8.0_101/jre/lib/amd64/libzip.so
7f6bed2e3000-7f6bed2e4000 rw-p 0001a000 08:06 538948                     /opt/java/jdk1.8.0_101/jre/lib/amd64/libzip.so
7f6bed2e4000-7f6bed2ef000 r-xp 00000000 08:06 398116                     /lib/x86_64-linux-gnu/libnss_files-2.23.so
7f6bed2ef000-7f6bed4ee000 ---p 0000b000 08:06 398116                     /lib/x86_64-linux-gnu/libnss_files-2.23.so
7f6bed4ee000-7f6bed4ef000 r--p 0000a000 08:06 398116                     /lib/x86_64-linux-gnu/libnss_files-2.23.so
7f6bed4ef000-7f6bed4f0000 rw-p 0000b000 08:06 398116                     /lib/x86_64-linux-gnu/libnss_files-2.23.so
7f6bed4f0000-7f6bed4f6000 rw-p 00000000 00:00 0 
7f6bed4f6000-7f6bed501000 r-xp 00000000 08:06 398126                     /lib/x86_64-linux-gnu/libnss_nis-2.23.so
7f6bed501000-7f6bed700000 ---p 0000b000 08:06 398126                     /lib/x86_64-linux-gnu/libnss_nis-2.23.so
7f6bed700000-7f6bed701000 r--p 0000a000 08:06 398126                     /lib/x86_64-linux-gnu/libnss_nis-2.23.so
7f6bed701000-7f6bed702000 rw-p 0000b000 08:06 398126                     /lib/x86_64-linux-gnu/libnss_nis-2.23.so
7f6bed702000-7f6bed718000 r-xp 00000000 08:06 398110                     /lib/x86_64-linux-gnu/libnsl-2.23.so
7f6bed718000-7f6bed917000 ---p 00016000 08:06 398110                     /lib/x86_64-linux-gnu/libnsl-2.23.so
7f6bed917000-7f6bed918000 r--p 00015000 08:06 398110                     /lib/x86_64-linux-gnu/libnsl-2.23.so
7f6bed918000-7f6bed919000 rw-p 00016000 08:06 398110                     /lib/x86_64-linux-gnu/libnsl-2.23.so
7f6bed919000-7f6bed91b000 rw-p 00000000 00:00 0 
7f6bed91b000-7f6bed923000 r-xp 00000000 08:06 398112                     /lib/x86_64-linux-gnu/libnss_compat-2.23.so
7f6bed923000-7f6bedb22000 ---p 00008000 08:06 398112                     /lib/x86_64-linux-gnu/libnss_compat-2.23.so
7f6bedb22000-7f6bedb23000 r--p 00007000 08:06 398112                     /lib/x86_64-linux-gnu/libnss_compat-2.23.so
7f6bedb23000-7f6bedb24000 rw-p 00008000 08:06 398112                     /lib/x86_64-linux-gnu/libnss_compat-2.23.so
7f6bedb24000-7f6bedb4e000 r-xp 00000000 08:06 538972                     /opt/java/jdk1.8.0_101/jre/lib/amd64/libjava.so
7f6bedb4e000-7f6bedd4e000 ---p 0002a000 08:06 538972                     /opt/java/jdk1.8.0_101/jre/lib/amd64/libjava.so
7f6bedd4e000-7f6bedd50000 rw-p 0002a000 08:06 538972                     /opt/java/jdk1.8.0_101/jre/lib/amd64/libjava.so
7f6bedd50000-7f6bedd5d000 r-xp 00000000 08:06 538928                     /opt/java/jdk1.8.0_101/jre/lib/amd64/libverify.so
7f6bedd5d000-7f6bedf5d000 ---p 0000d000 08:06 538928                     /opt/java/jdk1.8.0_101/jre/lib/amd64/libverify.so
7f6bedf5d000-7f6bedf5f000 rw-p 0000d000 08:06 538928                     /opt/java/jdk1.8.0_101/jre/lib/amd64/libverify.so
7f6bedf5f000-7f6bedf66000 r-xp 00000000 08:06 398171                     /lib/x86_64-linux-gnu/librt-2.23.so
7f6bedf66000-7f6bee165000 ---p 00007000 08:06 398171                     /lib/x86_64-linux-gnu/librt-2.23.so
7f6bee165000-7f6bee166000 r--p 00006000 08:06 398171                     /lib/x86_64-linux-gnu/librt-2.23.so
7f6bee166000-7f6bee167000 rw-p 00007000 08:06 398171                     /lib/x86_64-linux-gnu/librt-2.23.so
7f6bee167000-7f6bee26f000 r-xp 00000000 08:06 398087                     /lib/x86_64-linux-gnu/libm-2.23.so
7f6bee26f000-7f6bee46e000 ---p 00108000 08:06 398087                     /lib/x86_64-linux-gnu/libm-2.23.so
7f6bee46e000-7f6bee46f000 r--p 00107000 08:06 398087                     /lib/x86_64-linux-gnu/libm-2.23.so
7f6bee46f000-7f6bee470000 rw-p 00108000 08:06 398087                     /lib/x86_64-linux-gnu/libm-2.23.so
7f6bee470000-7f6bef13b000 r-xp 00000000 08:06 793909                     /opt/java/jdk1.8.0_101/jre/lib/amd64/server/libjvm.so
7f6bef13b000-7f6bef33a000 ---p 00ccb000 08:06 793909                     /opt/java/jdk1.8.0_101/jre/lib/amd64/server/libjvm.so
7f6bef33a000-7f6bef413000 rw-p 00cca000 08:06 793909                     /opt/java/jdk1.8.0_101/jre/lib/amd64/server/libjvm.so
7f6bef413000-7f6bef45e000 rw-p 00000000 00:00 0 
7f6bef45e000-7f6bef61e000 r-xp 00000000 08:06 398017                     /lib/x86_64-linux-gnu/libc-2.23.so
7f6bef61e000-7f6bef81d000 ---p 001c0000 08:06 398017                     /lib/x86_64-linux-gnu/libc-2.23.so
7f6bef81d000-7f6bef821000 r--p 001bf000 08:06 398017                     /lib/x86_64-linux-gnu/libc-2.23.so
7f6bef821000-7f6bef823000 rw-p 001c3000 08:06 398017                     /lib/x86_64-linux-gnu/libc-2.23.so
7f6bef823000-7f6bef827000 rw-p 00000000 00:00 0 
7f6bef827000-7f6bef82a000 r-xp 00000000 08:06 398041                     /lib/x86_64-linux-gnu/libdl-2.23.so
7f6bef82a000-7f6befa29000 ---p 00003000 08:06 398041                     /lib/x86_64-linux-gnu/libdl-2.23.so
7f6befa29000-7f6befa2a000 r--p 00002000 08:06 398041                     /lib/x86_64-linux-gnu/libdl-2.23.so
7f6befa2a000-7f6befa2b000 rw-p 00003000 08:06 398041                     /lib/x86_64-linux-gnu/libdl-2.23.so
7f6befa2b000-7f6befa40000 r-xp 00000000 08:06 666629                     /opt/java/jdk1.8.0_101/lib/amd64/jli/libjli.so
7f6befa40000-7f6befc40000 ---p 00015000 08:06 666629                     /opt/java/jdk1.8.0_101/lib/amd64/jli/libjli.so
7f6befc40000-7f6befc41000 rw-p 00015000 08:06 666629                     /opt/java/jdk1.8.0_101/lib/amd64/jli/libjli.so
7f6befc41000-7f6befc59000 r-xp 00000000 08:06 398163                     /lib/x86_64-linux-gnu/libpthread-2.23.so
7f6befc59000-7f6befe58000 ---p 00018000 08:06 398163                     /lib/x86_64-linux-gnu/libpthread-2.23.so
7f6befe58000-7f6befe59000 r--p 00017000 08:06 398163                     /lib/x86_64-linux-gnu/libpthread-2.23.so
7f6befe59000-7f6befe5a000 rw-p 00018000 08:06 398163                     /lib/x86_64-linux-gnu/libpthread-2.23.so
7f6befe5a000-7f6befe5e000 rw-p 00000000 00:00 0 
7f6befe5e000-7f6befe84000 r-xp 00000000 08:06 397989                     /lib/x86_64-linux-gnu/ld-2.23.so
7f6befe92000-7f6beff65000 rw-p 00000000 00:00 0 
7f6beff65000-7f6beff68000 ---p 00000000 00:00 0 
7f6beff68000-7f6bf006a000 rw-p 00000000 00:00 0 
7f6bf0077000-7f6bf007f000 rw-s 00000000 08:06 2105641                    /tmp/hsperfdata_root/27611
7f6bf007f000-7f6bf0080000 rw-p 00000000 00:00 0 
7f6bf0080000-7f6bf0081000 ---p 00000000 00:00 0 
7f6bf0081000-7f6bf0083000 rw-p 00000000 00:00 0 
7f6bf0083000-7f6bf0084000 r--p 00025000 08:06 397989                     /lib/x86_64-linux-gnu/ld-2.23.so
7f6bf0084000-7f6bf0085000 rw-p 00026000 08:06 397989                     /lib/x86_64-linux-gnu/ld-2.23.so
7f6bf0085000-7f6bf0086000 rw-p 00000000 00:00 0 
7ffe7e366000-7ffe7e387000 rw-p 00000000 00:00 0                          [stack]
7ffe7e38d000-7ffe7e38f000 r--p 00000000 00:00 0                          [vvar]
7ffe7e38f000-7ffe7e391000 r-xp 00000000 00:00 0                          [vdso]
ffffffffff600000-ffffffffff601000 r-xp 00000000 00:00 0                  [vsyscall]

VM Arguments:
jvm_args: -Djava.awt.headless=true -Xmx4g -Dfile.encoding=UTF-8 -Duser.country=US -Duser.language=en -Duser.variant 
java_command: com.android.dx.command.Main --dex --force-jumbo --num-threads=4 --multi-dex --output /home/todor/git/ThePRECIOUSprojectAPP/PRECIOUS/app/build/intermediates/transforms/dex/debug/folders/1000/5/slice_0 /home/todor/git/ThePRECIOUSprojectAPP/PRECIOUS/app/build/intermediates/transforms/instantRunSlicer/debug/folders/1/5/slice_0
java_class_path (initial): /root/Android/Sdk/build-tools/23.0.2/lib/dx.jar
Launcher Type: SUN_STANDARD

Environment Variables:
PATH=/usr/local/sbin:/usr/local/bin:/usr/sbin:/usr/bin:/sbin:/bin
USERNAME=root
LD_LIBRARY_PATH=/usr/local/android-studio/bin:
SHELL=/bin/bash
DISPLAY=:0

Signal Handlers:
SIGSEGV: [libjvm.so+0xac4790], sa_mask[0]=11111111011111111101111111111110, sa_flags=SA_RESTART|SA_SIGINFO
SIGBUS: [libjvm.so+0xac4790], sa_mask[0]=11111111011111111101111111111110, sa_flags=SA_RESTART|SA_SIGINFO
SIGFPE: [libjvm.so+0x91f140], sa_mask[0]=11111111011111111101111111111110, sa_flags=SA_RESTART|SA_SIGINFO
SIGPIPE: [libjvm.so+0x91f140], sa_mask[0]=11111111011111111101111111111110, sa_flags=SA_RESTART|SA_SIGINFO
SIGXFSZ: [libjvm.so+0x91f140], sa_mask[0]=11111111011111111101111111111110, sa_flags=SA_RESTART|SA_SIGINFO
SIGILL: [libjvm.so+0x91f140], sa_mask[0]=11111111011111111101111111111110, sa_flags=SA_RESTART|SA_SIGINFO
SIGUSR1: SIG_DFL, sa_mask[0]=00000000000000000000000000000000, sa_flags=none
SIGUSR2: [libjvm.so+0x920770], sa_mask[0]=00100000000000000000000000000000, sa_flags=SA_RESTART|SA_SIGINFO
SIGHUP: [libjvm.so+0x921b70], sa_mask[0]=11111111011111111101111111111110, sa_flags=SA_RESTART|SA_SIGINFO
SIGINT: [libjvm.so+0x921b70], sa_mask[0]=11111111011111111101111111111110, sa_flags=SA_RESTART|SA_SIGINFO
SIGTERM: [libjvm.so+0x921b70], sa_mask[0]=11111111011111111101111111111110, sa_flags=SA_RESTART|SA_SIGINFO
SIGQUIT: [libjvm.so+0x921b70], sa_mask[0]=11111111011111111101111111111110, sa_flags=SA_RESTART|SA_SIGINFO


---------------  S Y S T E M  ---------------

OS:DISTRIB_ID=Ubuntu
DISTRIB_RELEASE=16.04
DISTRIB_CODENAME=xenial
DISTRIB_DESCRIPTION="Ubuntu 16.04.1 LTS"

uname:Linux 4.4.0-31-generic #50-Ubuntu SMP Wed Jul 13 00:07:12 UTC 2016 x86_64
libc:glibc 2.23 NPTL 2.23 
rlimit: STACK 8192k, CORE 0k, NPROC 31256, NOFILE 65536, AS infinity
load average:6,75 2,79 1,69

/proc/meminfo:
MemTotal:        8088328 kB
MemFree:          155512 kB
MemAvailable:      90168 kB
Buffers:            2940 kB
Cached:           949556 kB
SwapCached:            0 kB
Active:          6787504 kB
Inactive:         874904 kB
Active(anon):    6756472 kB
Inactive(anon):   823016 kB
Active(file):      31032 kB
Inactive(file):    51888 kB
Unevictable:         360 kB
Mlocked:             360 kB
SwapTotal:             0 kB
SwapFree:              0 kB
Dirty:               560 kB
Writeback:             0 kB
AnonPages:       6710848 kB
Mapped:           641816 kB
Shmem:            868912 kB
Slab:             119272 kB
SReclaimable:      64220 kB
SUnreclaim:        55052 kB
KernelStack:       16944 kB
PageTables:        77836 kB
NFS_Unstable:          0 kB
Bounce:                0 kB
WritebackTmp:          0 kB
CommitLimit:     4044164 kB
Committed_AS:   14886792 kB
VmallocTotal:   34359738367 kB
VmallocUsed:           0 kB
VmallocChunk:          0 kB
HardwareCorrupted:     0 kB
AnonHugePages:   2836480 kB
CmaTotal:              0 kB
CmaFree:               0 kB
HugePages_Total:       0
HugePages_Free:        0
HugePages_Rsvd:        0
HugePages_Surp:        0
Hugepagesize:       2048 kB
DirectMap4k:      202560 kB
DirectMap2M:     7051264 kB
DirectMap1G:     2097152 kB


CPU:total 4 (2 cores per cpu, 2 threads per core) family 6 model 61 stepping 4, cmov, cx8, fxsr, mmx, sse, sse2, sse3, ssse3, sse4.1, sse4.2, popcnt, avx, avx2, aes, clmul, erms, 3dnowpref, lzcnt, ht, tsc, tscinvbit, bmi1, bmi2, adx

/proc/cpuinfo:
processor	: 0
vendor_id	: GenuineIntel
cpu family	: 6
model		: 61
model name	: Intel(R) Core(TM) i3-5010U CPU @ 2.10GHz
stepping	: 4
microcode	: 0x1d
cpu MHz		: 1999.921
cache size	: 3072 KB
physical id	: 0
siblings	: 4
core id		: 0
cpu cores	: 2
apicid		: 0
initial apicid	: 0
fpu		: yes
fpu_exception	: yes
cpuid level	: 20
wp		: yes
flags		: fpu vme de pse tsc msr pae mce cx8 apic sep mtrr pge mca cmov pat pse36 clflush dts acpi mmx fxsr sse sse2 ss ht tm pbe syscall nx pdpe1gb rdtscp lm constant_tsc arch_perfmon pebs bts rep_good nopl xtopology nonstop_tsc aperfmperf eagerfpu pni pclmulqdq dtes64 monitor ds_cpl vmx est tm2 ssse3 sdbg fma cx16 xtpr pdcm pcid sse4_1 sse4_2 x2apic movbe popcnt tsc_deadline_timer aes xsave avx f16c rdrand lahf_lm abm 3dnowprefetch epb intel_pt tpr_shadow vnmi flexpriority ept vpid fsgsbase tsc_adjust bmi1 avx2 smep bmi2 erms invpcid rdseed adx smap xsaveopt dtherm arat pln pts
bugs		:
bogomips	: 4190.22
clflush size	: 64
cache_alignment	: 64
address sizes	: 39 bits physical, 48 bits virtual
power management:

processor	: 1
vendor_id	: GenuineIntel
cpu family	: 6
model		: 61
model name	: Intel(R) Core(TM) i3-5010U CPU @ 2.10GHz
stepping	: 4
microcode	: 0x1d
cpu MHz		: 1999.921
cache size	: 3072 KB
physical id	: 0
siblings	: 4
core id		: 1
cpu cores	: 2
apicid		: 2
initial apicid	: 2
fpu		: yes
fpu_exception	: yes
cpuid level	: 20
wp		: yes
flags		: fpu vme de pse tsc msr pae mce cx8 apic sep mtrr pge mca cmov pat pse36 clflush dts acpi mmx fxsr sse sse2 ss ht tm pbe syscall nx pdpe1gb rdtscp lm constant_tsc arch_perfmon pebs bts rep_good nopl xtopology nonstop_tsc aperfmperf eagerfpu pni pclmulqdq dtes64 monitor ds_cpl vmx est tm2 ssse3 sdbg fma cx16 xtpr pdcm pcid sse4_1 sse4_2 x2apic movbe popcnt tsc_deadline_timer aes xsave avx f16c rdrand lahf_lm abm 3dnowprefetch epb intel_pt tpr_shadow vnmi flexpriority ept vpid fsgsbase tsc_adjust bmi1 avx2 smep bmi2 erms invpcid rdseed adx smap xsaveopt dtherm arat pln pts
bugs		:
bogomips	: 4190.22
clflush size	: 64
cache_alignment	: 64
address sizes	: 39 bits physical, 48 bits virtual
power management:

processor	: 2
vendor_id	: GenuineIntel
cpu family	: 6
model		: 61
model name	: Intel(R) Core(TM) i3-5010U CPU @ 2.10GHz
stepping	: 4
microcode	: 0x1d
cpu MHz		: 1999.921
cache size	: 3072 KB
physical id	: 0
siblings	: 4
core id		: 0
cpu cores	: 2
apicid		: 1
initial apicid	: 1
fpu		: yes
fpu_exception	: yes
cpuid level	: 20
wp		: yes
flags		: fpu vme de pse tsc msr pae mce cx8 apic sep mtrr pge mca cmov pat pse36 clflush dts acpi mmx fxsr sse sse2 ss ht tm pbe syscall nx pdpe1gb rdtscp lm constant_tsc arch_perfmon pebs bts rep_good nopl xtopology nonstop_tsc aperfmperf eagerfpu pni pclmulqdq dtes64 monitor ds_cpl vmx est tm2 ssse3 sdbg fma cx16 xtpr pdcm pcid sse4_1 sse4_2 x2apic movbe popcnt tsc_deadline_timer aes xsave avx f16c rdrand lahf_lm abm 3dnowprefetch epb intel_pt tpr_shadow vnmi flexpriority ept vpid fsgsbase tsc_adjust bmi1 avx2 smep bmi2 erms invpcid rdseed adx smap xsaveopt dtherm arat pln pts
bugs		:
bogomips	: 4190.22
clflush size	: 64
cache_alignment	: 64
address sizes	: 39 bits physical, 48 bits virtual
power management:

processor	: 3
vendor_id	: GenuineIntel
cpu family	: 6
model		: 61
model name	: Intel(R) Core(TM) i3-5010U CPU @ 2.10GHz
stepping	: 4
microcode	: 0x1d
cpu MHz		: 1999.921
cache size	: 3072 KB
physical id	: 0
siblings	: 4
core id		: 1
cpu cores	: 2
apicid		: 3
initial apicid	: 3
fpu		: yes
fpu_exception	: yes
cpuid level	: 20
wp		: yes
flags		: fpu vme de pse tsc msr pae mce cx8 apic sep mtrr pge mca cmov pat pse36 clflush dts acpi mmx fxsr sse sse2 ss ht tm pbe syscall nx pdpe1gb rdtscp lm constant_tsc arch_perfmon pebs bts rep_good nopl xtopology nonstop_tsc aperfmperf eagerfpu pni pclmulqdq dtes64 monitor ds_cpl vmx est tm2 ssse3 sdbg fma cx16 xtpr pdcm pcid sse4_1 sse4_2 x2apic movbe popcnt tsc_deadline_timer aes xsave avx f16c rdrand lahf_lm abm 3dnowprefetch epb intel_pt tpr_shadow vnmi flexpriority ept vpid fsgsbase tsc_adjust bmi1 avx2 smep bmi2 erms invpcid rdseed adx smap xsaveopt dtherm arat pln pts
bugs		:
bogomips	: 4190.22
clflush size	: 64
cache_alignment	: 64
address sizes	: 39 bits physical, 48 bits virtual
power management:



Memory: 4k page, physical 8088328k(155248k free), swap 0k(0k free)

vm_info: Java HotSpot(TM) 64-Bit Server VM (25.101-b13) for linux-amd64 JRE (1.8.0_101-b13), built on Jun 22 2016 02:59:44 by "java_re" with gcc 4.3.0 20080428 (Red Hat 4.3.0-8)

time: Wed Aug 24 18:31:15 2016
elapsed time: 16 seconds (0d 0h 0m 16s)

