#
# There is insufficient memory for the Java Runtime Environment to continue.
# Native memory allocation (mmap) failed to map 281018368 bytes for committing reserved memory.
# Possible reasons:
#   The system is out of physical RAM or swap space
#   In 32 bit mode, the process size limit was hit
# Possible solutions:
#   Reduce memory load on the system
#   Increase physical memory or swap space
#   Check if swap backing store is full
#   Use 64 bit Java on a 64 bit OS
#   Decrease Java heap size (-Xmx/-Xms)
#   Decrease number of Java threads
#   Decrease Java thread stack sizes (-Xss)
#   Set larger code cache with -XX:ReservedCodeCacheSize=
# This output file may be truncated or incomplete.
#
#  Out of Memory Error (os_linux.cpp:2627), pid=29377, tid=0x00007f67777f7700
#
# JRE version: Java(TM) SE Runtime Environment (8.0_101-b13) (build 1.8.0_101-b13)
# Java VM: Java HotSpot(TM) 64-Bit Server VM (25.101-b13 mixed mode linux-amd64 compressed oops)
# Failed to write core dump. Core dumps have been disabled. To enable core dumping, try "ulimit -c unlimited" before starting Java again
#

---------------  T H R E A D  ---------------

Current thread (0x00007f679c078000):  VMThread [stack: 0x00007f67776f7000,0x00007f67777f8000] [id=29387]

Stack: [0x00007f67776f7000,0x00007f67777f8000],  sp=0x00007f67777f60a0,  free space=1020k
Native frames: (J=compiled Java code, j=interpreted, Vv=VM code, C=native code)
V  [libjvm.so+0xac3f0a]  VMError::report_and_die()+0x2ba
V  [libjvm.so+0x4fbf9b]  report_vm_out_of_memory(char const*, int, unsigned long, VMErrorType, char const*)+0x8b
V  [libjvm.so+0x9222d3]  os::Linux::commit_memory_impl(char*, unsigned long, bool)+0x103
V  [libjvm.so+0x922829]  os::pd_commit_memory(char*, unsigned long, unsigned long, bool)+0x29
V  [libjvm.so+0x91cb2a]  os::commit_memory(char*, unsigned long, unsigned long, bool)+0x2a
V  [libjvm.so+0x991053]  PSVirtualSpace::expand_by(unsigned long)+0x53
V  [libjvm.so+0x992458]  PSYoungGen::resize_generation(unsigned long, unsigned long)+0xf8
V  [libjvm.so+0x9915b2]  PSYoungGen::resize(unsigned long, unsigned long)+0x22
V  [libjvm.so+0x98e88b]  PSScavenge::invoke_no_policy()+0xf3b
V  [libjvm.so+0x98f011]  PSScavenge::invoke()+0x41
V  [libjvm.so+0x945fc0]  ParallelScavengeHeap::failed_mem_allocate(unsigned long)+0x70
V  [libjvm.so+0xac5927]  VM_ParallelGCFailedAllocation::doit()+0x97
V  [libjvm.so+0xacd405]  VM_Operation::evaluate()+0x55
V  [libjvm.so+0xacb7da]  VMThread::evaluate_operation(VM_Operation*)+0xba
V  [libjvm.so+0xacbb5e]  VMThread::loop()+0x1ce
V  [libjvm.so+0xacbfd0]  VMThread::run()+0x70
V  [libjvm.so+0x924698]  java_start(Thread*)+0x108

VM_Operation (0x00007f67a500b610): ParallelGCFailedAllocation, mode: safepoint, requested by thread 0x00007f679c00a000


---------------  P R O C E S S  ---------------

Java Threads: ( => current thread )
  0x00007f679c14b000 JavaThread "pool-2-thread-4" [_thread_blocked, id=29424, stack(0x00007f6775efa000,0x00007f6775ffb000)]
  0x00007f679c146800 JavaThread "pool-2-thread-3" [_thread_blocked, id=29423, stack(0x00007f6775ffb000,0x00007f67760fc000)]
  0x00007f679c145000 JavaThread "pool-2-thread-2" [_thread_blocked, id=29422, stack(0x00007f67760fc000,0x00007f67761fd000)]
  0x00007f679c143800 JavaThread "pool-3-thread-1" [_thread_blocked, id=29421, stack(0x00007f67761fd000,0x00007f67762fe000)]
  0x00007f679c141000 JavaThread "pool-2-thread-1" [_thread_blocked, id=29420, stack(0x00007f67762fe000,0x00007f67763ff000)]
  0x00007f679c0c1800 JavaThread "Service Thread" daemon [_thread_blocked, id=29405, stack(0x00007f6776500000,0x00007f6776601000)]
  0x00007f679c0be800 JavaThread "C1 CompilerThread2" daemon [_thread_blocked, id=29403, stack(0x00007f6776601000,0x00007f6776702000)]
  0x00007f679c0bc800 JavaThread "C2 CompilerThread1" daemon [_thread_blocked, id=29402, stack(0x00007f6776702000,0x00007f6776803000)]
  0x00007f679c0b9800 JavaThread "C2 CompilerThread0" daemon [_thread_blocked, id=29401, stack(0x00007f6776803000,0x00007f6776904000)]
  0x00007f679c0b8000 JavaThread "Signal Dispatcher" daemon [_thread_blocked, id=29400, stack(0x00007f6776904000,0x00007f6776a05000)]
  0x00007f679c084000 JavaThread "Finalizer" daemon [_thread_blocked, id=29395, stack(0x00007f67774f5000,0x00007f67775f6000)]
  0x00007f679c07f800 JavaThread "Reference Handler" daemon [_thread_blocked, id=29392, stack(0x00007f67775f6000,0x00007f67776f7000)]
  0x00007f679c00a000 JavaThread "main" [_thread_blocked, id=29379, stack(0x00007f67a4f0d000,0x00007f67a500e000)]

Other Threads:
=>0x00007f679c078000 VMThread [stack: 0x00007f67776f7000,0x00007f67777f8000] [id=29387]
  0x00007f679c0c4800 WatcherThread [stack: 0x00007f67763ff000,0x00007f6776500000] [id=29406]

VM state:at safepoint (normal execution)

VM Mutex/Monitor currently owned by a thread:  ([mutex/lock_event])
[0x00007f679c006510] Threads_lock - owner thread: 0x00007f679c078000
[0x00007f679c006a10] Heap_lock - owner thread: 0x00007f679c00a000

Heap:
 PSYoungGen      total 132096K, used 5111K [0x000000076ab00000, 0x0000000773100000, 0x00000007c0000000)
  eden space 126976K, 0% used [0x000000076ab00000,0x000000076ab00000,0x0000000772700000)
  from space 5120K, 99% used [0x0000000772700000,0x0000000772bfde88,0x0000000772c00000)
  to   space 5120K, 0% used [0x0000000772c00000,0x0000000772c00000,0x0000000773100000)
 ParOldGen       total 120320K, used 120110K [0x00000006c0000000, 0x00000006c7580000, 0x000000076ab00000)
  object space 120320K, 99% used [0x00000006c0000000,0x00000006c754b9d0,0x00000006c7580000)
 Metaspace       used 6050K, capacity 7000K, committed 7168K, reserved 1056768K
  class space    used 609K, capacity 656K, committed 768K, reserved 1048576K

Card table byte_map: [0x00007f67a14b0000,0x00007f67a1cb1000] byte_map_base: 0x00007f679deb0000

Marking Bits: (ParMarkBitMap*) 0x00007f67a43d9120
 Begin Bits: [0x00007f6785000000, 0x00007f6789000000)
 End Bits:   [0x00007f6789000000, 0x00007f678d000000)

Polling page: 0x00007f67a5028000

CodeCache: size=245760Kb used=5778Kb max_used=5778Kb free=239981Kb
 bounds [0x00007f678d000000, 0x00007f678d5b0000, 0x00007f679c000000]
 total_blobs=1660 nmethods=1393 adapters=181
 compilation: enabled

Compilation events (10 events):
Event: 15,359 Thread 0x00007f679c0be800 1738 %     3       com.android.dx.ssa.SsaConverter::edgeSplitMoveExceptionsAndResults @ 12 (157 bytes)
Event: 15,361 Thread 0x00007f679c0be800 nmethod 1738% 0x00007f678d59ec50 code [0x00007f678d59efe0, 0x00007f678d5a0c68]
Event: 15,362 Thread 0x00007f679c0be800 1739       3       com.android.dx.ssa.SsaConverter::edgeSplitMoveExceptionsAndResults (157 bytes)
Event: 15,364 Thread 0x00007f679c0be800 nmethod 1739 0x00007f678d5a1f10 code [0x00007f678d5a2280, 0x00007f678d5a3e88]
Event: 15,391 Thread 0x00007f679c0be800 1742 %     3       com.android.dx.ssa.SsaConverter::edgeSplitSuccessors @ 12 (98 bytes)
Event: 15,392 Thread 0x00007f679c0be800 nmethod 1742% 0x00007f678d5a5110 code [0x00007f678d5a5380, 0x00007f678d5a61a8]
Event: 15,393 Thread 0x00007f679c0be800 1743       3       com.android.dx.ssa.SsaConverter::edgeSplitSuccessors (98 bytes)
Event: 15,394 Thread 0x00007f679c0be800 nmethod 1743 0x00007f678d5a6ad0 code [0x00007f678d5a6d40, 0x00007f678d5a7b08]
Event: 15,407 Thread 0x00007f679c0be800 1744 %     3       com.android.dx.ssa.SsaConverter::edgeSplitSuccessors @ 45 (98 bytes)
Event: 15,408 Thread 0x00007f679c0be800 nmethod 1744% 0x00007f678d5a8410 code [0x00007f678d5a86a0, 0x00007f678d5a95a8]

GC Heap History (9 events):
Event: 3,807 GC heap before
{Heap before GC invocations=1 (full 0):
 PSYoungGen      total 36864K, used 31744K [0x000000076ab00000, 0x000000076d400000, 0x00000007c0000000)
  eden space 31744K, 100% used [0x000000076ab00000,0x000000076ca00000,0x000000076ca00000)
  from space 5120K, 0% used [0x000000076cf00000,0x000000076cf00000,0x000000076d400000)
  to   space 5120K, 0% used [0x000000076ca00000,0x000000076ca00000,0x000000076cf00000)
 ParOldGen       total 84992K, used 0K [0x00000006c0000000, 0x00000006c5300000, 0x000000076ab00000)
  object space 84992K, 0% used [0x00000006c0000000,0x00000006c0000000,0x00000006c5300000)
 Metaspace       used 5711K, capacity 6704K, committed 6784K, reserved 1056768K
  class space    used 588K, capacity 616K, committed 640K, reserved 1048576K
Event: 3,855 GC heap after
Heap after GC invocations=1 (full 0):
 PSYoungGen      total 36864K, used 5109K [0x000000076ab00000, 0x000000076f300000, 0x00000007c0000000)
  eden space 31744K, 0% used [0x000000076ab00000,0x000000076ab00000,0x000000076ca00000)
  from space 5120K, 99% used [0x000000076ca00000,0x000000076cefd5d0,0x000000076cf00000)
  to   space 5120K, 0% used [0x000000076ee00000,0x000000076ee00000,0x000000076f300000)
 ParOldGen       total 84992K, used 571K [0x00000006c0000000, 0x00000006c5300000, 0x000000076ab00000)
  object space 84992K, 0% used [0x00000006c0000000,0x00000006c008ee20,0x00000006c5300000)
 Metaspace       used 5711K, capacity 6704K, committed 6784K, reserved 1056768K
  class space    used 588K, capacity 616K, committed 640K, reserved 1048576K
}
Event: 5,703 GC heap before
{Heap before GC invocations=2 (full 0):
 PSYoungGen      total 36864K, used 36853K [0x000000076ab00000, 0x000000076f300000, 0x00000007c0000000)
  eden space 31744K, 100% used [0x000000076ab00000,0x000000076ca00000,0x000000076ca00000)
  from space 5120K, 99% used [0x000000076ca00000,0x000000076cefd5d0,0x000000076cf00000)
  to   space 5120K, 0% used [0x000000076ee00000,0x000000076ee00000,0x000000076f300000)
 ParOldGen       total 84992K, used 571K [0x00000006c0000000, 0x00000006c5300000, 0x000000076ab00000)
  object space 84992K, 0% used [0x00000006c0000000,0x00000006c008ee20,0x00000006c5300000)
 Metaspace       used 5792K, capacity 6768K, committed 7040K, reserved 1056768K
  class space    used 588K, capacity 616K, committed 640K, reserved 1048576K
Event: 5,777 GC heap after
Heap after GC invocations=2 (full 0):
 PSYoungGen      total 68608K, used 5114K [0x000000076ab00000, 0x000000076f300000, 0x00000007c0000000)
  eden space 63488K, 0% used [0x000000076ab00000,0x000000076ab00000,0x000000076e900000)
  from space 5120K, 99% used [0x000000076ee00000,0x000000076f2feaa8,0x000000076f300000)
  to   space 5120K, 0% used [0x000000076e900000,0x000000076e900000,0x000000076ee00000)
 ParOldGen       total 84992K, used 3640K [0x00000006c0000000, 0x00000006c5300000, 0x000000076ab00000)
  object space 84992K, 4% used [0x00000006c0000000,0x00000006c038e340,0x00000006c5300000)
 Metaspace       used 5792K, capacity 6768K, committed 7040K, reserved 1056768K
  class space    used 588K, capacity 616K, committed 640K, reserved 1048576K
}
Event: 7,189 GC heap before
{Heap before GC invocations=3 (full 0):
 PSYoungGen      total 68608K, used 68602K [0x000000076ab00000, 0x000000076f300000, 0x00000007c0000000)
  eden space 63488K, 100% used [0x000000076ab00000,0x000000076e900000,0x000000076e900000)
  from space 5120K, 99% used [0x000000076ee00000,0x000000076f2feaa8,0x000000076f300000)
  to   space 5120K, 0% used [0x000000076e900000,0x000000076e900000,0x000000076ee00000)
 ParOldGen       total 84992K, used 3640K [0x00000006c0000000, 0x00000006c5300000, 0x000000076ab00000)
  object space 84992K, 4% used [0x00000006c0000000,0x00000006c038e340,0x00000006c5300000)
 Metaspace       used 5849K, capacity 6832K, committed 7040K, reserved 1056768K
  class space    used 588K, capacity 616K, committed 640K, reserved 1048576K
Event: 7,255 GC heap after
Heap after GC invocations=3 (full 0):
 PSYoungGen      total 68608K, used 5111K [0x000000076ab00000, 0x0000000773100000, 0x00000007c0000000)
  eden space 63488K, 0% used [0x000000076ab00000,0x000000076ab00000,0x000000076e900000)
  from space 5120K, 99% used [0x000000076e900000,0x000000076edfdf30,0x000000076ee00000)
  to   space 5120K, 0% used [0x0000000772c00000,0x0000000772c00000,0x0000000773100000)
 ParOldGen       total 84992K, used 11736K [0x00000006c0000000, 0x00000006c5300000, 0x000000076ab00000)
  object space 84992K, 13% used [0x00000006c0000000,0x00000006c0b761c0,0x00000006c5300000)
 Metaspace       used 5849K, capacity 6832K, committed 7040K, reserved 1056768K
  class space    used 588K, capacity 616K, committed 640K, reserved 1048576K
}
Event: 8,403 GC heap before
{Heap before GC invocations=4 (full 0):
 PSYoungGen      total 68608K, used 68599K [0x000000076ab00000, 0x0000000773100000, 0x00000007c0000000)
  eden space 63488K, 100% used [0x000000076ab00000,0x000000076e900000,0x000000076e900000)
  from space 5120K, 99% used [0x000000076e900000,0x000000076edfdf30,0x000000076ee00000)
  to   space 5120K, 0% used [0x0000000772c00000,0x0000000772c00000,0x0000000773100000)
 ParOldGen       total 84992K, used 11736K [0x00000006c0000000, 0x00000006c5300000, 0x000000076ab00000)
  object space 84992K, 13% used [0x00000006c0000000,0x00000006c0b761c0,0x00000006c5300000)
 Metaspace       used 6026K, capacity 6936K, committed 7168K, reserved 1056768K
  class space    used 609K, capacity 656K, committed 768K, reserved 1048576K
Event: 8,601 GC heap after
Heap after GC invocations=4 (full 0):
 PSYoungGen      total 132096K, used 5103K [0x000000076ab00000, 0x0000000773100000, 0x00000007c0000000)
  eden space 126976K, 0% used [0x000000076ab00000,0x000000076ab00000,0x0000000772700000)
  from space 5120K, 99% used [0x0000000772c00000,0x00000007730fbd80,0x0000000773100000)
  to   space 5120K, 0% used [0x0000000772700000,0x0000000772700000,0x0000000772c00000)
 ParOldGen       total 84992K, used 30736K [0x00000006c0000000, 0x00000006c5300000, 0x000000076ab00000)
  object space 84992K, 36% used [0x00000006c0000000,0x00000006c1e040e8,0x00000006c5300000)
 Metaspace       used 6026K, capacity 6936K, committed 7168K, reserved 1056768K
  class space    used 609K, capacity 656K, committed 768K, reserved 1048576K
}
Event: 15,449 GC heap before
{Heap before GC invocations=5 (full 0):
 PSYoungGen      total 132096K, used 132079K [0x000000076ab00000, 0x0000000773100000, 0x00000007c0000000)
  eden space 126976K, 100% used [0x000000076ab00000,0x0000000772700000,0x0000000772700000)
  from space 5120K, 99% used [0x0000000772c00000,0x00000007730fbd80,0x0000000773100000)
  to   space 5120K, 0% used [0x0000000772700000,0x0000000772700000,0x0000000772c00000)
 ParOldGen       total 84992K, used 30736K [0x00000006c0000000, 0x00000006c5300000, 0x000000076ab00000)
  object space 84992K, 36% used [0x00000006c0000000,0x00000006c1e040e8,0x00000006c5300000)
 Metaspace       used 6050K, capacity 7000K, committed 7168K, reserved 1056768K
  class space    used 609K, capacity 656K, committed 768K, reserved 1048576K

Deoptimization events (10 events):
Event: 5,482 Thread 0x00007f679c14b000 Uncommon trap: reason=bimorphic action=maybe_recompile pc=0x00007f678d209520 method=java.util.HashMap.getNode(ILjava/lang/Object;)Ljava/util/HashMap$Node; @ 126
Event: 5,482 Thread 0x00007f679c14b000 Uncommon trap: reason=class_check action=maybe_recompile pc=0x00007f678d2f3c40 method=java.util.HashMap.putVal(ILjava/lang/Object;Ljava/lang/Object;ZZ)Ljava/lang/Object; @ 203
Event: 5,482 Thread 0x00007f679c14b000 Uncommon trap: reason=bimorphic action=maybe_recompile pc=0x00007f678d209520 method=java.util.HashMap.getNode(ILjava/lang/Object;)Ljava/util/HashMap$Node; @ 126
Event: 5,482 Thread 0x00007f679c14b000 Uncommon trap: reason=class_check action=maybe_recompile pc=0x00007f678d2f3c40 method=java.util.HashMap.putVal(ILjava/lang/Object;Ljava/lang/Object;ZZ)Ljava/lang/Object; @ 203
Event: 5,482 Thread 0x00007f679c14b000 Uncommon trap: reason=bimorphic action=maybe_recompile pc=0x00007f678d209520 method=java.util.HashMap.getNode(ILjava/lang/Object;)Ljava/util/HashMap$Node; @ 126
Event: 5,482 Thread 0x00007f679c14b000 Uncommon trap: reason=bimorphic action=maybe_recompile pc=0x00007f678d215bc0 method=java.util.HashMap.getNode(ILjava/lang/Object;)Ljava/util/HashMap$Node; @ 126
Event: 5,798 Thread 0x00007f679c14b000 Uncommon trap: reason=class_check action=maybe_recompile pc=0x00007f678d2f3c40 method=java.util.HashMap.putVal(ILjava/lang/Object;Ljava/lang/Object;ZZ)Ljava/lang/Object; @ 203
Event: 6,037 Thread 0x00007f679c141000 Uncommon trap: reason=unstable_if action=reinterpret pc=0x00007f678d2fb9fc method=com.android.dx.ssa.SsaMethod.updateOneDefinition(Lcom/android/dx/ssa/SsaInsn;Lcom/android/dx/rop/code/RegisterSpec;)V @ 4
Event: 6,919 Thread 0x00007f679c14b000 Uncommon trap: reason=unstable_if action=reinterpret pc=0x00007f678d38fcf8 method=java.util.HashMap.putVal(ILjava/lang/Object;Ljava/lang/Object;ZZ)Ljava/lang/Object; @ 94
Event: 7,614 Thread 0x00007f679c14b000 Uncommon trap: reason=unstable_if action=reinterpret pc=0x00007f678d27d8a8 method=java.util.HashMap.putVal(ILjava/lang/Object;Ljava/lang/Object;ZZ)Ljava/lang/Object; @ 162

Internal exceptions (5 events):
Event: 0,113 Thread 0x00007f679c00a000 Exception <a 'java/lang/NoSuchMethodError': Method sun.misc.Unsafe.defineClass(Ljava/lang/String;[BII)Ljava/lang/Class; name or signature does not match> (0x000000076ab07cc0) thrown at [/HUDSON3/workspace/8-2-build-linux-amd64/jdk8u101/7261/hotspot/src/sh
Event: 0,113 Thread 0x00007f679c00a000 Exception <a 'java/lang/NoSuchMethodError': Method sun.misc.Unsafe.prefetchRead(Ljava/lang/Object;J)V name or signature does not match> (0x000000076ab07fa8) thrown at [/HUDSON3/workspace/8-2-build-linux-amd64/jdk8u101/7261/hotspot/src/share/vm/prims/jni.c
Event: 7,631 Thread 0x00007f679c14b000 Exception <a 'java/lang/ArrayIndexOutOfBoundsException': 18> (0x000000076c8038d8) thrown at [/HUDSON3/workspace/8-2-build-linux-amd64/jdk8u101/7261/hotspot/src/share/vm/interpreter/interpreterRuntime.cpp, line 366]
Event: 7,631 Thread 0x00007f679c14b000 Exception <a 'java/lang/ArrayIndexOutOfBoundsException': 145> (0x000000076c805458) thrown at [/HUDSON3/workspace/8-2-build-linux-amd64/jdk8u101/7261/hotspot/src/share/vm/interpreter/interpreterRuntime.cpp, line 366]
Event: 7,632 Thread 0x00007f679c14b000 Exception <a 'java/lang/ArrayIndexOutOfBoundsException': 40> (0x000000076c806740) thrown at [/HUDSON3/workspace/8-2-build-linux-amd64/jdk8u101/7261/hotspot/src/share/vm/interpreter/interpreterRuntime.cpp, line 366]

Events (10 events):
Event: 15,411 Thread 0x00007f679c141000 DEOPT UNPACKING pc=0x00007f678d047633 sp=0x00007f67763fcc58 mode 0
Event: 15,412 Thread 0x00007f679c141000 DEOPT PACKING pc=0x00007f678d2dc671 sp=0x00007f67763fcf20
Event: 15,412 Thread 0x00007f679c141000 DEOPT UNPACKING pc=0x00007f678d047633 sp=0x00007f67763fcc58 mode 0
Event: 15,413 Thread 0x00007f679c141000 DEOPT PACKING pc=0x00007f678d2dc671 sp=0x00007f67763fcf20
Event: 15,413 Thread 0x00007f679c141000 DEOPT UNPACKING pc=0x00007f678d047633 sp=0x00007f67763fcc58 mode 0
Event: 15,413 Thread 0x00007f679c141000 DEOPT PACKING pc=0x00007f678d2dc671 sp=0x00007f67763fcf20
Event: 15,413 Thread 0x00007f679c141000 DEOPT UNPACKING pc=0x00007f678d047633 sp=0x00007f67763fcc58 mode 0
Event: 15,414 Thread 0x00007f679c141000 DEOPT PACKING pc=0x00007f678d2dc671 sp=0x00007f67763fcf20
Event: 15,414 Thread 0x00007f679c141000 DEOPT UNPACKING pc=0x00007f678d047633 sp=0x00007f67763fcc58 mode 0
Event: 15,439 Executing VM operation: ParallelGCFailedAllocation


Dynamic libraries:
00400000-00401000 r-xp 00000000 08:06 538894                             /opt/java/jdk1.8.0_101/bin/java
00600000-00601000 rw-p 00000000 08:06 538894                             /opt/java/jdk1.8.0_101/bin/java
0089f000-008c0000 rw-p 00000000 00:00 0                                  [heap]
6c0000000-6c7580000 rw-p 00000000 00:00 0 
6c7580000-76ab00000 ---p 00000000 00:00 0 
76ab00000-773100000 rw-p 00000000 00:00 0 
783d00000-7c0000000 ---p 00000000 00:00 0 
7c0000000-7c00c0000 rw-p 00000000 00:00 0 
7c00c0000-800000000 ---p 00000000 00:00 0 
7f6734000000-7f67340e0000 rw-p 00000000 00:00 0 
7f67340e0000-7f6738000000 ---p 00000000 00:00 0 
7f673c000000-7f673c0b0000 rw-p 00000000 00:00 0 
7f673c0b0000-7f6740000000 ---p 00000000 00:00 0 
7f6740000000-7f67400aa000 rw-p 00000000 00:00 0 
7f67400aa000-7f6744000000 ---p 00000000 00:00 0 
7f6744000000-7f67440d8000 rw-p 00000000 00:00 0 
7f67440d8000-7f6748000000 ---p 00000000 00:00 0 
7f6748000000-7f6748021000 rw-p 00000000 00:00 0 
7f6748021000-7f674c000000 ---p 00000000 00:00 0 
7f674c000000-7f674c021000 rw-p 00000000 00:00 0 
7f674c021000-7f6750000000 ---p 00000000 00:00 0 
7f6750000000-7f6750021000 rw-p 00000000 00:00 0 
7f6750021000-7f6754000000 ---p 00000000 00:00 0 
7f6754000000-7f6754d05000 rw-p 00000000 00:00 0 
7f6754d05000-7f6758000000 ---p 00000000 00:00 0 
7f6758000000-7f6758686000 rw-p 00000000 00:00 0 
7f6758686000-7f675c000000 ---p 00000000 00:00 0 
7f675c000000-7f675c021000 rw-p 00000000 00:00 0 
7f675c021000-7f6760000000 ---p 00000000 00:00 0 
7f6760000000-7f6760860000 rw-p 00000000 00:00 0 
7f6760860000-7f6764000000 ---p 00000000 00:00 0 
7f6764000000-7f6764021000 rw-p 00000000 00:00 0 
7f6764021000-7f6768000000 ---p 00000000 00:00 0 
7f6768000000-7f6768021000 rw-p 00000000 00:00 0 
7f6768021000-7f676c000000 ---p 00000000 00:00 0 
7f676c000000-7f676c28e000 rw-p 00000000 00:00 0 
7f676c28e000-7f6770000000 ---p 00000000 00:00 0 
7f6770000000-7f6770021000 rw-p 00000000 00:00 0 
7f6770021000-7f6774000000 ---p 00000000 00:00 0 
7f6775efa000-7f6775efd000 ---p 00000000 00:00 0 
7f6775efd000-7f6775ffb000 rw-p 00000000 00:00 0 
7f6775ffb000-7f6775ffe000 ---p 00000000 00:00 0 
7f6775ffe000-7f67760fc000 rw-p 00000000 00:00 0 
7f67760fc000-7f67760ff000 ---p 00000000 00:00 0 
7f67760ff000-7f67761fd000 rw-p 00000000 00:00 0 
7f67761fd000-7f6776200000 ---p 00000000 00:00 0 
7f6776200000-7f67762fe000 rw-p 00000000 00:00 0 
7f67762fe000-7f6776301000 ---p 00000000 00:00 0 
7f6776301000-7f67763ff000 rw-p 00000000 00:00 0 
7f67763ff000-7f6776400000 ---p 00000000 00:00 0 
7f6776400000-7f6776500000 rw-p 00000000 00:00 0 
7f6776500000-7f6776503000 ---p 00000000 00:00 0 
7f6776503000-7f6776601000 rw-p 00000000 00:00 0 
7f6776601000-7f6776604000 ---p 00000000 00:00 0 
7f6776604000-7f6776702000 rw-p 00000000 00:00 0 
7f6776702000-7f6776705000 ---p 00000000 00:00 0 
7f6776705000-7f6776803000 rw-p 00000000 00:00 0 
7f6776803000-7f6776806000 ---p 00000000 00:00 0 
7f6776806000-7f6776904000 rw-p 00000000 00:00 0 
7f6776904000-7f6776907000 ---p 00000000 00:00 0 
7f6776907000-7f6776a05000 rw-p 00000000 00:00 0 
7f6776a05000-7f67774f5000 r--p 00000000 08:06 2629442                    /usr/lib/locale/locale-archive
7f67774f5000-7f67774f8000 ---p 00000000 00:00 0 
7f67774f8000-7f67775f6000 rw-p 00000000 00:00 0 
7f67775f6000-7f67775f9000 ---p 00000000 00:00 0 
7f67775f9000-7f67776f7000 rw-p 00000000 00:00 0 
7f67776f7000-7f67776f8000 ---p 00000000 00:00 0 
7f67776f8000-7f6778000000 rw-p 00000000 00:00 0 
7f6778000000-7f6778021000 rw-p 00000000 00:00 0 
7f6778021000-7f677c000000 ---p 00000000 00:00 0 
7f677c000000-7f677c021000 rw-p 00000000 00:00 0 
7f677c021000-7f6780000000 ---p 00000000 00:00 0 
7f6780000000-7f6780021000 rw-p 00000000 00:00 0 
7f6780021000-7f6784000000 ---p 00000000 00:00 0 
7f67840e8000-7f67840f9000 r--s 000bc000 08:06 795553                     /home/todor/git/ThePRECIOUSprojectAPP/PRECIOUS/app/build/intermediates/exploded-aar/com.google.android.gms/play-services-ads/9.4.0/jars/classes.jar
7f67840f9000-7f6784e40000 rw-p 00000000 00:00 0 
7f6784e40000-7f6785000000 ---p 00000000 00:00 0 
7f6785000000-7f678d000000 rw-p 00000000 00:00 0 
7f678d000000-7f678d5b0000 rwxp 00000000 00:00 0 
7f678d5b0000-7f679c000000 ---p 00000000 00:00 0 
7f679c000000-7f679c391000 rw-p 00000000 00:00 0 
7f679c391000-7f67a0000000 ---p 00000000 00:00 0 
7f67a0004000-7f67a0013000 r--s 000df000 08:06 1451003                    /root/Android/Sdk/build-tools/23.0.2/lib/dx.jar
7f67a0013000-7f67a0107000 rw-p 00000000 00:00 0 
7f67a0107000-7f67a02e0000 r--s 03d29000 08:06 538919                     /opt/java/jdk1.8.0_101/jre/lib/rt.jar
7f67a02e0000-7f67a0b56000 rw-p 00000000 00:00 0 
7f67a0b56000-7f67a0b57000 ---p 00000000 00:00 0 
7f67a0b57000-7f67a0c57000 rw-p 00000000 00:00 0 
7f67a0c57000-7f67a0c58000 ---p 00000000 00:00 0 
7f67a0c58000-7f67a0d58000 rw-p 00000000 00:00 0 
7f67a0d58000-7f67a0d59000 ---p 00000000 00:00 0 
7f67a0d59000-7f67a0e59000 rw-p 00000000 00:00 0 
7f67a0e59000-7f67a0e5a000 ---p 00000000 00:00 0 
7f67a0e5a000-7f67a0f95000 rw-p 00000000 00:00 0 
7f67a0f95000-7f67a14b0000 ---p 00000000 00:00 0 
7f67a14b0000-7f67a14eb000 rw-p 00000000 00:00 0 
7f67a14eb000-7f67a1a05000 ---p 00000000 00:00 0 
7f67a1a05000-7f67a1a49000 rw-p 00000000 00:00 0 
7f67a1a49000-7f67a1cb0000 ---p 00000000 00:00 0 
7f67a1cb0000-7f67a1cc8000 rw-p 00000000 00:00 0 
7f67a1cc8000-7f67a2071000 ---p 00000000 00:00 0 
7f67a2071000-7f67a208b000 r-xp 00000000 08:06 538948                     /opt/java/jdk1.8.0_101/jre/lib/amd64/libzip.so
7f67a208b000-7f67a228b000 ---p 0001a000 08:06 538948                     /opt/java/jdk1.8.0_101/jre/lib/amd64/libzip.so
7f67a228b000-7f67a228c000 rw-p 0001a000 08:06 538948                     /opt/java/jdk1.8.0_101/jre/lib/amd64/libzip.so
7f67a228c000-7f67a2297000 r-xp 00000000 08:06 398116                     /lib/x86_64-linux-gnu/libnss_files-2.23.so
7f67a2297000-7f67a2496000 ---p 0000b000 08:06 398116                     /lib/x86_64-linux-gnu/libnss_files-2.23.so
7f67a2496000-7f67a2497000 r--p 0000a000 08:06 398116                     /lib/x86_64-linux-gnu/libnss_files-2.23.so
7f67a2497000-7f67a2498000 rw-p 0000b000 08:06 398116                     /lib/x86_64-linux-gnu/libnss_files-2.23.so
7f67a2498000-7f67a249e000 rw-p 00000000 00:00 0 
7f67a249e000-7f67a24a9000 r-xp 00000000 08:06 398126                     /lib/x86_64-linux-gnu/libnss_nis-2.23.so
7f67a24a9000-7f67a26a8000 ---p 0000b000 08:06 398126                     /lib/x86_64-linux-gnu/libnss_nis-2.23.so
7f67a26a8000-7f67a26a9000 r--p 0000a000 08:06 398126                     /lib/x86_64-linux-gnu/libnss_nis-2.23.so
7f67a26a9000-7f67a26aa000 rw-p 0000b000 08:06 398126                     /lib/x86_64-linux-gnu/libnss_nis-2.23.so
7f67a26aa000-7f67a26c0000 r-xp 00000000 08:06 398110                     /lib/x86_64-linux-gnu/libnsl-2.23.so
7f67a26c0000-7f67a28bf000 ---p 00016000 08:06 398110                     /lib/x86_64-linux-gnu/libnsl-2.23.so
7f67a28bf000-7f67a28c0000 r--p 00015000 08:06 398110                     /lib/x86_64-linux-gnu/libnsl-2.23.so
7f67a28c0000-7f67a28c1000 rw-p 00016000 08:06 398110                     /lib/x86_64-linux-gnu/libnsl-2.23.so
7f67a28c1000-7f67a28c3000 rw-p 00000000 00:00 0 
7f67a28c3000-7f67a28cb000 r-xp 00000000 08:06 398112                     /lib/x86_64-linux-gnu/libnss_compat-2.23.so
7f67a28cb000-7f67a2aca000 ---p 00008000 08:06 398112                     /lib/x86_64-linux-gnu/libnss_compat-2.23.so
7f67a2aca000-7f67a2acb000 r--p 00007000 08:06 398112                     /lib/x86_64-linux-gnu/libnss_compat-2.23.so
7f67a2acb000-7f67a2acc000 rw-p 00008000 08:06 398112                     /lib/x86_64-linux-gnu/libnss_compat-2.23.so
7f67a2acc000-7f67a2af6000 r-xp 00000000 08:06 538972                     /opt/java/jdk1.8.0_101/jre/lib/amd64/libjava.so
7f67a2af6000-7f67a2cf6000 ---p 0002a000 08:06 538972                     /opt/java/jdk1.8.0_101/jre/lib/amd64/libjava.so
7f67a2cf6000-7f67a2cf8000 rw-p 0002a000 08:06 538972                     /opt/java/jdk1.8.0_101/jre/lib/amd64/libjava.so
7f67a2cf8000-7f67a2d05000 r-xp 00000000 08:06 538928                     /opt/java/jdk1.8.0_101/jre/lib/amd64/libverify.so
7f67a2d05000-7f67a2f05000 ---p 0000d000 08:06 538928                     /opt/java/jdk1.8.0_101/jre/lib/amd64/libverify.so
7f67a2f05000-7f67a2f07000 rw-p 0000d000 08:06 538928                     /opt/java/jdk1.8.0_101/jre/lib/amd64/libverify.so
7f67a2f07000-7f67a2f0e000 r-xp 00000000 08:06 398171                     /lib/x86_64-linux-gnu/librt-2.23.so
7f67a2f0e000-7f67a310d000 ---p 00007000 08:06 398171                     /lib/x86_64-linux-gnu/librt-2.23.so
7f67a310d000-7f67a310e000 r--p 00006000 08:06 398171                     /lib/x86_64-linux-gnu/librt-2.23.so
7f67a310e000-7f67a310f000 rw-p 00007000 08:06 398171                     /lib/x86_64-linux-gnu/librt-2.23.so
7f67a310f000-7f67a3217000 r-xp 00000000 08:06 398087                     /lib/x86_64-linux-gnu/libm-2.23.so
7f67a3217000-7f67a3416000 ---p 00108000 08:06 398087                     /lib/x86_64-linux-gnu/libm-2.23.so
7f67a3416000-7f67a3417000 r--p 00107000 08:06 398087                     /lib/x86_64-linux-gnu/libm-2.23.so
7f67a3417000-7f67a3418000 rw-p 00108000 08:06 398087                     /lib/x86_64-linux-gnu/libm-2.23.so
7f67a3418000-7f67a40e3000 r-xp 00000000 08:06 793909                     /opt/java/jdk1.8.0_101/jre/lib/amd64/server/libjvm.so
7f67a40e3000-7f67a42e2000 ---p 00ccb000 08:06 793909                     /opt/java/jdk1.8.0_101/jre/lib/amd64/server/libjvm.so
7f67a42e2000-7f67a43bb000 rw-p 00cca000 08:06 793909                     /opt/java/jdk1.8.0_101/jre/lib/amd64/server/libjvm.so
7f67a43bb000-7f67a4406000 rw-p 00000000 00:00 0 
7f67a4406000-7f67a45c6000 r-xp 00000000 08:06 398017                     /lib/x86_64-linux-gnu/libc-2.23.so
7f67a45c6000-7f67a47c5000 ---p 001c0000 08:06 398017                     /lib/x86_64-linux-gnu/libc-2.23.so
7f67a47c5000-7f67a47c9000 r--p 001bf000 08:06 398017                     /lib/x86_64-linux-gnu/libc-2.23.so
7f67a47c9000-7f67a47cb000 rw-p 001c3000 08:06 398017                     /lib/x86_64-linux-gnu/libc-2.23.so
7f67a47cb000-7f67a47cf000 rw-p 00000000 00:00 0 
7f67a47cf000-7f67a47d2000 r-xp 00000000 08:06 398041                     /lib/x86_64-linux-gnu/libdl-2.23.so
7f67a47d2000-7f67a49d1000 ---p 00003000 08:06 398041                     /lib/x86_64-linux-gnu/libdl-2.23.so
7f67a49d1000-7f67a49d2000 r--p 00002000 08:06 398041                     /lib/x86_64-linux-gnu/libdl-2.23.so
7f67a49d2000-7f67a49d3000 rw-p 00003000 08:06 398041                     /lib/x86_64-linux-gnu/libdl-2.23.so
7f67a49d3000-7f67a49e8000 r-xp 00000000 08:06 666629                     /opt/java/jdk1.8.0_101/lib/amd64/jli/libjli.so
7f67a49e8000-7f67a4be8000 ---p 00015000 08:06 666629                     /opt/java/jdk1.8.0_101/lib/amd64/jli/libjli.so
7f67a4be8000-7f67a4be9000 rw-p 00015000 08:06 666629                     /opt/java/jdk1.8.0_101/lib/amd64/jli/libjli.so
7f67a4be9000-7f67a4c01000 r-xp 00000000 08:06 398163                     /lib/x86_64-linux-gnu/libpthread-2.23.so
7f67a4c01000-7f67a4e00000 ---p 00018000 08:06 398163                     /lib/x86_64-linux-gnu/libpthread-2.23.so
7f67a4e00000-7f67a4e01000 r--p 00017000 08:06 398163                     /lib/x86_64-linux-gnu/libpthread-2.23.so
7f67a4e01000-7f67a4e02000 rw-p 00018000 08:06 398163                     /lib/x86_64-linux-gnu/libpthread-2.23.so
7f67a4e02000-7f67a4e06000 rw-p 00000000 00:00 0 
7f67a4e06000-7f67a4e2c000 r-xp 00000000 08:06 397989                     /lib/x86_64-linux-gnu/ld-2.23.so
7f67a4e3a000-7f67a4f0d000 rw-p 00000000 00:00 0 
7f67a4f0d000-7f67a4f10000 ---p 00000000 00:00 0 
7f67a4f10000-7f67a5012000 rw-p 00000000 00:00 0 
7f67a501f000-7f67a5027000 rw-s 00000000 08:06 2105640                    /tmp/hsperfdata_root/29377
7f67a5027000-7f67a5028000 rw-p 00000000 00:00 0 
7f67a5028000-7f67a5029000 ---p 00000000 00:00 0 
7f67a5029000-7f67a502b000 rw-p 00000000 00:00 0 
7f67a502b000-7f67a502c000 r--p 00025000 08:06 397989                     /lib/x86_64-linux-gnu/ld-2.23.so
7f67a502c000-7f67a502d000 rw-p 00026000 08:06 397989                     /lib/x86_64-linux-gnu/ld-2.23.so
7f67a502d000-7f67a502e000 rw-p 00000000 00:00 0 
7ffc6b069000-7ffc6b08a000 rw-p 00000000 00:00 0                          [stack]
7ffc6b1c0000-7ffc6b1c2000 r--p 00000000 00:00 0                          [vvar]
7ffc6b1c2000-7ffc6b1c4000 r-xp 00000000 00:00 0                          [vdso]
ffffffffff600000-ffffffffff601000 r-xp 00000000 00:00 0                  [vsyscall]

VM Arguments:
jvm_args: -Djava.awt.headless=true -Xmx4g -Dfile.encoding=UTF-8 -Duser.country=US -Duser.language=en -Duser.variant 
java_command: com.android.dx.command.Main --dex --force-jumbo --num-threads=4 --multi-dex --output /home/todor/git/ThePRECIOUSprojectAPP/PRECIOUS/app/build/intermediates/transforms/dex/debug/folders/1000/10/com.google.android.gms-play-services-ads-9.4.0_44ba2f7fd911c53a35c8e3017cbfb9afd408e1de /home/todor/git/ThePRECIOUSprojectAPP/PRECIOUS/app/build/intermediates/exploded-aar/com.google.android.gms/play-services-ads/9.4.0/jars/classes.jar
java_class_path (initial): /root/Android/Sdk/build-tools/23.0.2/lib/dx.jar
Launcher Type: SUN_STANDARD

Environment Variables:
PATH=/usr/local/sbin:/usr/local/bin:/usr/sbin:/usr/bin:/sbin:/bin
USERNAME=root
LD_LIBRARY_PATH=/usr/local/android-studio/bin:
SHELL=/bin/bash
DISPLAY=:0

Signal Handlers:
SIGSEGV: [libjvm.so+0xac4790], sa_mask[0]=11111111011111111101111111111110, sa_flags=SA_RESTART|SA_SIGINFO
SIGBUS: [libjvm.so+0xac4790], sa_mask[0]=11111111011111111101111111111110, sa_flags=SA_RESTART|SA_SIGINFO
SIGFPE: [libjvm.so+0x91f140], sa_mask[0]=11111111011111111101111111111110, sa_flags=SA_RESTART|SA_SIGINFO
SIGPIPE: [libjvm.so+0x91f140], sa_mask[0]=11111111011111111101111111111110, sa_flags=SA_RESTART|SA_SIGINFO
SIGXFSZ: [libjvm.so+0x91f140], sa_mask[0]=11111111011111111101111111111110, sa_flags=SA_RESTART|SA_SIGINFO
SIGILL: [libjvm.so+0x91f140], sa_mask[0]=11111111011111111101111111111110, sa_flags=SA_RESTART|SA_SIGINFO
SIGUSR1: SIG_DFL, sa_mask[0]=00000000000000000000000000000000, sa_flags=none
SIGUSR2: [libjvm.so+0x920770], sa_mask[0]=00100000000000000000000000000000, sa_flags=SA_RESTART|SA_SIGINFO
SIGHUP: [libjvm.so+0x921b70], sa_mask[0]=11111111011111111101111111111110, sa_flags=SA_RESTART|SA_SIGINFO
SIGINT: [libjvm.so+0x921b70], sa_mask[0]=11111111011111111101111111111110, sa_flags=SA_RESTART|SA_SIGINFO
SIGTERM: [libjvm.so+0x921b70], sa_mask[0]=11111111011111111101111111111110, sa_flags=SA_RESTART|SA_SIGINFO
SIGQUIT: [libjvm.so+0x921b70], sa_mask[0]=11111111011111111101111111111110, sa_flags=SA_RESTART|SA_SIGINFO


---------------  S Y S T E M  ---------------

OS:DISTRIB_ID=Ubuntu
DISTRIB_RELEASE=16.04
DISTRIB_CODENAME=xenial
DISTRIB_DESCRIPTION="Ubuntu 16.04.1 LTS"

uname:Linux 4.4.0-31-generic #50-Ubuntu SMP Wed Jul 13 00:07:12 UTC 2016 x86_64
libc:glibc 2.23 NPTL 2.23 
rlimit: STACK 8192k, CORE 0k, NPROC 31256, NOFILE 65536, AS infinity
load average:18,72 9,14 4,19

/proc/meminfo:
MemTotal:        8088328 kB
MemFree:          140284 kB
MemAvailable:     153624 kB
Buffers:            5928 kB
Cached:          1092524 kB
SwapCached:            0 kB
Active:          6716524 kB
Inactive:         962784 kB
Active(anon):    6607264 kB
Inactive(anon):   867100 kB
Active(file):     109260 kB
Inactive(file):    95684 kB
Unevictable:         360 kB
Mlocked:             360 kB
SwapTotal:             0 kB
SwapFree:              0 kB
Dirty:              7908 kB
Writeback:             0 kB
AnonPages:       6581172 kB
Mapped:           761004 kB
Shmem:            893400 kB
Slab:             118396 kB
SReclaimable:      63556 kB
SUnreclaim:        54840 kB
KernelStack:       16560 kB
PageTables:        78092 kB
NFS_Unstable:          0 kB
Bounce:                0 kB
WritebackTmp:          0 kB
CommitLimit:     4044164 kB
Committed_AS:   14867400 kB
VmallocTotal:   34359738367 kB
VmallocUsed:           0 kB
VmallocChunk:          0 kB
HardwareCorrupted:     0 kB
AnonHugePages:   2953216 kB
CmaTotal:              0 kB
CmaFree:               0 kB
HugePages_Total:       0
HugePages_Free:        0
HugePages_Rsvd:        0
HugePages_Surp:        0
Hugepagesize:       2048 kB
DirectMap4k:      202560 kB
DirectMap2M:     7051264 kB
DirectMap1G:     2097152 kB


CPU:total 4 (2 cores per cpu, 2 threads per core) family 6 model 61 stepping 4, cmov, cx8, fxsr, mmx, sse, sse2, sse3, ssse3, sse4.1, sse4.2, popcnt, avx, avx2, aes, clmul, erms, 3dnowpref, lzcnt, ht, tsc, tscinvbit, bmi1, bmi2, adx

/proc/cpuinfo:
processor	: 0
vendor_id	: GenuineIntel
cpu family	: 6
model		: 61
model name	: Intel(R) Core(TM) i3-5010U CPU @ 2.10GHz
stepping	: 4
microcode	: 0x1d
cpu MHz		: 1999.921
cache size	: 3072 KB
physical id	: 0
siblings	: 4
core id		: 0
cpu cores	: 2
apicid		: 0
initial apicid	: 0
fpu		: yes
fpu_exception	: yes
cpuid level	: 20
wp		: yes
flags		: fpu vme de pse tsc msr pae mce cx8 apic sep mtrr pge mca cmov pat pse36 clflush dts acpi mmx fxsr sse sse2 ss ht tm pbe syscall nx pdpe1gb rdtscp lm constant_tsc arch_perfmon pebs bts rep_good nopl xtopology nonstop_tsc aperfmperf eagerfpu pni pclmulqdq dtes64 monitor ds_cpl vmx est tm2 ssse3 sdbg fma cx16 xtpr pdcm pcid sse4_1 sse4_2 x2apic movbe popcnt tsc_deadline_timer aes xsave avx f16c rdrand lahf_lm abm 3dnowprefetch epb intel_pt tpr_shadow vnmi flexpriority ept vpid fsgsbase tsc_adjust bmi1 avx2 smep bmi2 erms invpcid rdseed adx smap xsaveopt dtherm arat pln pts
bugs		:
bogomips	: 4190.22
clflush size	: 64
cache_alignment	: 64
address sizes	: 39 bits physical, 48 bits virtual
power management:

processor	: 1
vendor_id	: GenuineIntel
cpu family	: 6
model		: 61
model name	: Intel(R) Core(TM) i3-5010U CPU @ 2.10GHz
stepping	: 4
microcode	: 0x1d
cpu MHz		: 1999.921
cache size	: 3072 KB
physical id	: 0
siblings	: 4
core id		: 1
cpu cores	: 2
apicid		: 2
initial apicid	: 2
fpu		: yes
fpu_exception	: yes
cpuid level	: 20
wp		: yes
flags		: fpu vme de pse tsc msr pae mce cx8 apic sep mtrr pge mca cmov pat pse36 clflush dts acpi mmx fxsr sse sse2 ss ht tm pbe syscall nx pdpe1gb rdtscp lm constant_tsc arch_perfmon pebs bts rep_good nopl xtopology nonstop_tsc aperfmperf eagerfpu pni pclmulqdq dtes64 monitor ds_cpl vmx est tm2 ssse3 sdbg fma cx16 xtpr pdcm pcid sse4_1 sse4_2 x2apic movbe popcnt tsc_deadline_timer aes xsave avx f16c rdrand lahf_lm abm 3dnowprefetch epb intel_pt tpr_shadow vnmi flexpriority ept vpid fsgsbase tsc_adjust bmi1 avx2 smep bmi2 erms invpcid rdseed adx smap xsaveopt dtherm arat pln pts
bugs		:
bogomips	: 4190.22
clflush size	: 64
cache_alignment	: 64
address sizes	: 39 bits physical, 48 bits virtual
power management:

processor	: 2
vendor_id	: GenuineIntel
cpu family	: 6
model		: 61
model name	: Intel(R) Core(TM) i3-5010U CPU @ 2.10GHz
stepping	: 4
microcode	: 0x1d
cpu MHz		: 1999.921
cache size	: 3072 KB
physical id	: 0
siblings	: 4
core id		: 0
cpu cores	: 2
apicid		: 1
initial apicid	: 1
fpu		: yes
fpu_exception	: yes
cpuid level	: 20
wp		: yes
flags		: fpu vme de pse tsc msr pae mce cx8 apic sep mtrr pge mca cmov pat pse36 clflush dts acpi mmx fxsr sse sse2 ss ht tm pbe syscall nx pdpe1gb rdtscp lm constant_tsc arch_perfmon pebs bts rep_good nopl xtopology nonstop_tsc aperfmperf eagerfpu pni pclmulqdq dtes64 monitor ds_cpl vmx est tm2 ssse3 sdbg fma cx16 xtpr pdcm pcid sse4_1 sse4_2 x2apic movbe popcnt tsc_deadline_timer aes xsave avx f16c rdrand lahf_lm abm 3dnowprefetch epb intel_pt tpr_shadow vnmi flexpriority ept vpid fsgsbase tsc_adjust bmi1 avx2 smep bmi2 erms invpcid rdseed adx smap xsaveopt dtherm arat pln pts
bugs		:
bogomips	: 4190.22
clflush size	: 64
cache_alignment	: 64
address sizes	: 39 bits physical, 48 bits virtual
power management:

processor	: 3
vendor_id	: GenuineIntel
cpu family	: 6
model		: 61
model name	: Intel(R) Core(TM) i3-5010U CPU @ 2.10GHz
stepping	: 4
microcode	: 0x1d
cpu MHz		: 1999.921
cache size	: 3072 KB
physical id	: 0
siblings	: 4
core id		: 1
cpu cores	: 2
apicid		: 3
initial apicid	: 3
fpu		: yes
fpu_exception	: yes
cpuid level	: 20
wp		: yes
flags		: fpu vme de pse tsc msr pae mce cx8 apic sep mtrr pge mca cmov pat pse36 clflush dts acpi mmx fxsr sse sse2 ss ht tm pbe syscall nx pdpe1gb rdtscp lm constant_tsc arch_perfmon pebs bts rep_good nopl xtopology nonstop_tsc aperfmperf eagerfpu pni pclmulqdq dtes64 monitor ds_cpl vmx est tm2 ssse3 sdbg fma cx16 xtpr pdcm pcid sse4_1 sse4_2 x2apic movbe popcnt tsc_deadline_timer aes xsave avx f16c rdrand lahf_lm abm 3dnowprefetch epb intel_pt tpr_shadow vnmi flexpriority ept vpid fsgsbase tsc_adjust bmi1 avx2 smep bmi2 erms invpcid rdseed adx smap xsaveopt dtherm arat pln pts
bugs		:
bogomips	: 4190.22
clflush size	: 64
cache_alignment	: 64
address sizes	: 39 bits physical, 48 bits virtual
power management:



Memory: 4k page, physical 8088328k(140504k free), swap 0k(0k free)

vm_info: Java HotSpot(TM) 64-Bit Server VM (25.101-b13) for linux-amd64 JRE (1.8.0_101-b13), built on Jun 22 2016 02:59:44 by "java_re" with gcc 4.3.0 20080428 (Red Hat 4.3.0-8)

time: Wed Aug 24 18:33:20 2016
elapsed time: 15 seconds (0d 0h 0m 15s)

